ARM GAS  C:\Users\santa\AppData\Local\Temp\ccHkX6Qh.s 			page 1


   1              		.syntax unified
   2              		.cpu cortex-m3
   3              		.fpu softvfp
   4              		.eabi_attribute 20, 1
   5              		.eabi_attribute 21, 1
   6              		.eabi_attribute 23, 3
   7              		.eabi_attribute 24, 1
   8              		.eabi_attribute 25, 1
   9              		.eabi_attribute 26, 1
  10              		.eabi_attribute 30, 1
  11              		.eabi_attribute 34, 1
  12              		.eabi_attribute 18, 4
  13              		.thumb
  14              		.syntax unified
  15              		.file	"main.c"
  16              		.text
  17              	.Ltext0:
  18              		.cfi_sections	.debug_frame
  19              		.global	__aeabi_dadd
  20              		.section	.text.contaSignal,"ax",%progbits
  21              		.align	2
  22              		.global	contaSignal
  23              		.thumb
  24              		.thumb_func
  25              		.type	contaSignal, %function
  26              	contaSignal:
  27              	.LFB64:
  28              		.file 1 "main.c"
   1:main.c        **** /* ========================================
   2:main.c        ****  *
   3:main.c        ****  * Copyright YOUR COMPANY, THE YEAR
   4:main.c        ****  * All Rights Reserved
   5:main.c        ****  * UNPUBLISHED, LICENSED SOFTWARE.
   6:main.c        ****  *
   7:main.c        ****  * CONFIDENTIAL AND PROPRIETARY INFORMATION
   8:main.c        ****  * WHICH IS THE PROPERTY OF your company.
   9:main.c        ****  *
  10:main.c        ****  * ========================================
  11:main.c        **** */
  12:main.c        **** #include "project.h"
  13:main.c        **** #include "stdio.h"
  14:main.c        **** const uint8 sinewave[]={
  15:main.c        ****  78,   84,   90,   96,  102,  107,  112,  117,  120,  123,  126,  127,  128,  128,  127,  126,
  16:main.c        ****  123,  120,  117,  112,  107,  102,   96,   90,   84,   78,   72,   66,   60,   54,   49,   44,
  17:main.c        ****  39,   36,   33,   30,   29,   28,   28,   29,   30,   33,   36,   39,   44,   49,   54,   60,
  18:main.c        ****  66,   72,   78
  19:main.c        **** };
  20:main.c        **** const unsigned int delayFreq[] =
  21:main.c        **** {
  22:main.c        **** 163, 140, 120, 100, 81,
  23:main.c        **** 60, 40, 32, 28, 23,
  24:main.c        **** 16, 14, 12, 10, 8
  25:main.c        **** };
  26:main.c        **** uint8 index_t=0;
  27:main.c        **** double count_speed = 0;
  28:main.c        **** double pos_init = 0;
  29:main.c        **** unsigned long sample_time = 0;
ARM GAS  C:\Users\santa\AppData\Local\Temp\ccHkX6Qh.s 			page 2


  30:main.c        **** //const int signal1 = 2;
  31:main.c        **** //const int signal2 = 5;
  32:main.c        **** double angular_speed = 0;
  33:main.c        **** double pos_motor = 0;
  34:main.c        **** unsigned tau=162; //el periodo de una muestra
  35:main.c        **** unsigned int pwmFloats=0;
  36:main.c        **** unsigned long time_ref, time_back = 0; //tiempo ahorita, tiempo atras
  37:main.c        **** unsigned int flag_giro1 = 1;
  38:main.c        **** unsigned long time=0;
  39:main.c        **** unsigned int flag_giro2 = 0;
  40:main.c        **** int flag_time,state = 0;
  41:main.c        **** double y=0;
  42:main.c        **** char data_message[40];
  43:main.c        **** //Las funciones van aqui
  44:main.c        **** 
  45:main.c        **** double ConvertPosition();
  46:main.c        **** void ConvertSpeed(double pos1, double pos2, unsigned t1, unsigned t2);
  47:main.c        **** ///Aqui va la parte de la interrupicion de 3 ms
  48:main.c        **** 
  49:main.c        **** 
  50:main.c        **** CY_ISR(contaSignal) {
  29              		.loc 1 50 0
  30              		.cfi_startproc
  31              		@ args = 0, pretend = 0, frame = 0
  32              		@ frame_needed = 0, uses_anonymous_args = 0
  33 0000 10B5     		push	{r4, lr}
  34              		.cfi_def_cfa_offset 8
  35              		.cfi_offset 4, -8
  36              		.cfi_offset 14, -4
  37              	.LVL0:
  51:main.c        ****   int flag_tmp=flag_time;
  52:main.c        ****   if ( sensorA_Read()== 1) {
  38              		.loc 1 52 0
  39 0002 FFF7FEFF 		bl	sensorA_Read
  40              	.LVL1:
  41 0006 0128     		cmp	r0, #1
  42 0008 0CD1     		bne	.L2
  53:main.c        ****     count_speed++; //cuenta cada pulso
  43              		.loc 1 53 0
  44 000a 084C     		ldr	r4, .L4
  45 000c 0022     		movs	r2, #0
  46 000e 084B     		ldr	r3, .L4+4
  47 0010 D4E90001 		ldrd	r0, [r4]
  48 0014 FFF7FEFF 		bl	__aeabi_dadd
  49              	.LVL2:
  50 0018 C4E90001 		strd	r0, [r4]
  54:main.c        ****     flag_time = sensorB_Read();
  51              		.loc 1 54 0
  52 001c FFF7FEFF 		bl	sensorB_Read
  53              	.LVL3:
  54 0020 044B     		ldr	r3, .L4+8
  55 0022 1860     		str	r0, [r3]
  56              	.L2:
  55:main.c        **** 
  56:main.c        ****   }
  57:main.c        **** 
  58:main.c        ****  sensorA_ClearInterrupt();
ARM GAS  C:\Users\santa\AppData\Local\Temp\ccHkX6Qh.s 			page 3


  57              		.loc 1 58 0
  58 0024 FFF7FEFF 		bl	sensorA_ClearInterrupt
  59              	.LVL4:
  60 0028 10BD     		pop	{r4, pc}
  61              	.L5:
  62 002a 00BF     		.align	2
  63              	.L4:
  64 002c 00000000 		.word	.LANCHOR0
  65 0030 0000F03F 		.word	1072693248
  66 0034 00000000 		.word	flag_time
  67              		.cfi_endproc
  68              	.LFE64:
  69              		.size	contaSignal, .-contaSignal
  70              		.global	__aeabi_ddiv
  71              		.global	__aeabi_dcmplt
  72              		.global	__aeabi_dmul
  73              		.global	__aeabi_i2d
  74              		.section	.text.ConvertPosition,"ax",%progbits
  75              		.align	2
  76              		.global	ConvertPosition
  77              		.thumb
  78              		.thumb_func
  79              		.type	ConvertPosition, %function
  80              	ConvertPosition:
  81              	.LFB66:
  59:main.c        ****   //  delay(1);
  60:main.c        **** 
  61:main.c        **** }
  62:main.c        **** 
  63:main.c        **** 
  64:main.c        **** CY_ISR(Timer_ISR){ //AL SEGUNDO
  65:main.c        ****  
  66:main.c        ****   time+=4; 
  67:main.c        ****    double pos_tmp = pos_motor;
  68:main.c        ****   //sample_time = time_ref;
  69:main.c        ****   pos_motor = ConvertPosition();
  70:main.c        ****   if (pos_motor != pos_tmp) {
  71:main.c        ****     sample_time=time_ref;
  72:main.c        ****     time_ref=time;
  73:main.c        ****     //if((time_ref-sample_time)!=0){
  74:main.c        ****     ConvertSpeed(pos_motor, pos_tmp, time_ref, sample_time);
  75:main.c        ****     if(angular_speed <20 && angular_speed>-20){
  76:main.c        ****       y=0.904*y+0.09564*angular_speed;
  77:main.c        ****       
  78:main.c        ****    }else{
  79:main.c        ****      y=y;
  80:main.c        ****     }
  81:main.c        ****   }
  82:main.c        ****   sprintf(data_message,"%lu\t%.2f\n",time,y);
  83:main.c        ****   UART_1_PutString(data_message);  
  84:main.c        ****   isr_Timer_ClearPending();
  85:main.c        **** }
  86:main.c        **** 
  87:main.c        **** double ConvertPosition() {
  82              		.loc 1 87 0
  83              		.cfi_startproc
  84              		@ args = 0, pretend = 0, frame = 0
ARM GAS  C:\Users\santa\AppData\Local\Temp\ccHkX6Qh.s 			page 4


  85              		@ frame_needed = 0, uses_anonymous_args = 0
  86 0000 2DE97043 		push	{r4, r5, r6, r8, r9, lr}
  87              		.cfi_def_cfa_offset 24
  88              		.cfi_offset 4, -24
  89              		.cfi_offset 5, -20
  90              		.cfi_offset 6, -16
  91              		.cfi_offset 8, -12
  92              		.cfi_offset 9, -8
  93              		.cfi_offset 14, -4
  94              	.LVL5:
  88:main.c        ****   double base_mpos, mpos = 0;
  89:main.c        ****   int k = (flag_time == 1) ? -1 : 1;
  95              		.loc 1 89 0
  96 0004 2A4B     		ldr	r3, .L16+24
  97 0006 1B68     		ldr	r3, [r3]
  98 0008 012B     		cmp	r3, #1
  99 000a 02D1     		bne	.L12
 100 000c 4FF0FF36 		mov	r6, #-1
 101 0010 00E0     		b	.L7
 102              	.L12:
 103 0012 0126     		movs	r6, #1
 104              	.L7:
 105              	.LVL6:
  90:main.c        ****   base_mpos = (count_speed / 360);
 106              		.loc 1 90 0 discriminator 4
 107 0014 274B     		ldr	r3, .L16+28
 108 0016 D3E90045 		ldrd	r4, [r3]
 109 001a 0022     		movs	r2, #0
 110 001c 264B     		ldr	r3, .L16+32
 111 001e 2046     		mov	r0, r4
 112 0020 2946     		mov	r1, r5
 113 0022 FFF7FEFF 		bl	__aeabi_ddiv
 114              	.LVL7:
 115 0026 8046     		mov	r8, r0
 116 0028 8946     		mov	r9, r1
 117              	.LVL8:
  91:main.c        ****   if (count_speed / 75 < 1) {
 118              		.loc 1 91 0 discriminator 4
 119 002a 1BA3     		adr	r3, .L16
 120 002c D3E90023 		ldrd	r2, [r3]
 121 0030 2046     		mov	r0, r4
 122 0032 2946     		mov	r1, r5
 123 0034 FFF7FEFF 		bl	__aeabi_ddiv
 124              	.LVL9:
 125 0038 0022     		movs	r2, #0
 126 003a 204B     		ldr	r3, .L16+36
 127 003c FFF7FEFF 		bl	__aeabi_dcmplt
 128              	.LVL10:
 129 0040 70B1     		cbz	r0, .L14
  92:main.c        ****     mpos = 2 * 3.1416 * (4.8 * base_mpos);
 130              		.loc 1 92 0
 131 0042 17A3     		adr	r3, .L16+8
 132 0044 D3E90023 		ldrd	r2, [r3]
 133 0048 4046     		mov	r0, r8
 134 004a 4946     		mov	r1, r9
 135 004c FFF7FEFF 		bl	__aeabi_dmul
 136              	.LVL11:
ARM GAS  C:\Users\santa\AppData\Local\Temp\ccHkX6Qh.s 			page 5


 137 0050 15A3     		adr	r3, .L16+16
 138 0052 D3E90023 		ldrd	r2, [r3]
 139 0056 FFF7FEFF 		bl	__aeabi_dmul
 140              	.LVL12:
 141 005a 0446     		mov	r4, r0
 142 005c 0D46     		mov	r5, r1
 143              	.LVL13:
 144 005e 04E0     		b	.L10
 145              	.LVL14:
 146              	.L14:
  93:main.c        ****   } else {
  94:main.c        ****     count_speed = 0;
 147              		.loc 1 94 0
 148 0060 0024     		movs	r4, #0
 149 0062 0025     		movs	r5, #0
 150 0064 134B     		ldr	r3, .L16+28
 151 0066 C3E90045 		strd	r4, [r3]
 152              	.LVL15:
 153              	.L10:
  95:main.c        ****   }
  96:main.c        ****   if (state == 1) {
 154              		.loc 1 96 0
 155 006a 124B     		ldr	r3, .L16+28
 156 006c 9B68     		ldr	r3, [r3, #8]
 157 006e 012B     		cmp	r3, #1
 158 0070 02D1     		bne	.L11
  97:main.c        ****     pos_init = mpos;
 159              		.loc 1 97 0
 160 0072 104B     		ldr	r3, .L16+28
 161 0074 C3E90445 		strd	r4, [r3, #16]
 162              	.L11:
  98:main.c        **** 
  99:main.c        ****   }
 100:main.c        ****   mpos=pos_init+k*mpos;
 163              		.loc 1 100 0
 164 0078 3046     		mov	r0, r6
 165 007a FFF7FEFF 		bl	__aeabi_i2d
 166              	.LVL16:
 167 007e 2246     		mov	r2, r4
 168 0080 2B46     		mov	r3, r5
 169 0082 FFF7FEFF 		bl	__aeabi_dmul
 170              	.LVL17:
 171 0086 0B4B     		ldr	r3, .L16+28
 172 0088 D3E90423 		ldrd	r2, [r3, #16]
 173 008c FFF7FEFF 		bl	__aeabi_dadd
 174              	.LVL18:
 101:main.c        ****   return mpos;
 102:main.c        **** }
 175              		.loc 1 102 0
 176 0090 BDE87083 		pop	{r4, r5, r6, r8, r9, pc}
 177              	.LVL19:
 178              	.L17:
 179 0094 AFF30080 		.align	3
 180              	.L16:
 181 0098 00000000 		.word	0
 182 009c 00C05240 		.word	1079164928
 183 00a0 33333333 		.word	858993459
ARM GAS  C:\Users\santa\AppData\Local\Temp\ccHkX6Qh.s 			page 6


 184 00a4 33331340 		.word	1075000115
 185 00a8 A7E8482E 		.word	776530087
 186 00ac FF211940 		.word	1075388927
 187 00b0 00000000 		.word	flag_time
 188 00b4 00000000 		.word	.LANCHOR0
 189 00b8 00807640 		.word	1081507840
 190 00bc 0000F03F 		.word	1072693248
 191              		.cfi_endproc
 192              	.LFE66:
 193              		.size	ConvertPosition, .-ConvertPosition
 194              		.section	.text.setPwm,"ax",%progbits
 195              		.align	2
 196              		.global	setPwm
 197              		.thumb
 198              		.thumb_func
 199              		.type	setPwm, %function
 200              	setPwm:
 201              	.LFB67:
 103:main.c        **** 
 104:main.c        **** 
 105:main.c        **** void setPwm(int index){
 202              		.loc 1 105 0
 203              		.cfi_startproc
 204              		@ args = 0, pretend = 0, frame = 0
 205              		@ frame_needed = 0, uses_anonymous_args = 0
 206              	.LVL20:
 207 0000 08B5     		push	{r3, lr}
 208              		.cfi_def_cfa_offset 8
 209              		.cfi_offset 3, -8
 210              		.cfi_offset 14, -4
 211              	.LVL21:
 106:main.c        ****      uint8 value=sinewave[index];
 107:main.c        ****      PWM_WriteCompare(value); 
 212              		.loc 1 107 0
 213 0002 024B     		ldr	r3, .L20
 214 0004 185C     		ldrb	r0, [r3, r0]	@ zero_extendqisi2
 215              	.LVL22:
 216 0006 FFF7FEFF 		bl	PWM_WriteCompare
 217              	.LVL23:
 218 000a 08BD     		pop	{r3, pc}
 219              	.L21:
 220              		.align	2
 221              	.L20:
 222 000c 00000000 		.word	.LANCHOR1
 223              		.cfi_endproc
 224              	.LFE67:
 225              		.size	setPwm, .-setPwm
 226              		.global	__aeabi_dsub
 227              		.global	__aeabi_ui2d
 228              		.section	.text.ConvertSpeed,"ax",%progbits
 229              		.align	2
 230              		.global	ConvertSpeed
 231              		.thumb
 232              		.thumb_func
 233              		.type	ConvertSpeed, %function
 234              	ConvertSpeed:
 235              	.LFB68:
ARM GAS  C:\Users\santa\AppData\Local\Temp\ccHkX6Qh.s 			page 7


 108:main.c        ****     
 109:main.c        **** 
 110:main.c        **** }
 111:main.c        **** void ConvertSpeed(double pos1, double pos2, unsigned t1, unsigned t2) {
 236              		.loc 1 111 0
 237              		.cfi_startproc
 238              		@ args = 8, pretend = 0, frame = 0
 239              		@ frame_needed = 0, uses_anonymous_args = 0
 240              	.LVL24:
 241 0000 F8B5     		push	{r3, r4, r5, r6, r7, lr}
 242              		.cfi_def_cfa_offset 24
 243              		.cfi_offset 3, -24
 244              		.cfi_offset 4, -20
 245              		.cfi_offset 5, -16
 246              		.cfi_offset 6, -12
 247              		.cfi_offset 7, -8
 248              		.cfi_offset 14, -4
 249 0002 069D     		ldr	r5, [sp, #24]
 250 0004 079C     		ldr	r4, [sp, #28]
 112:main.c        ****   //double angular_spt = 0;
 113:main.c        ****   if((t1-t2)!=0){
 251              		.loc 1 113 0
 252 0006 A542     		cmp	r5, r4
 253 0008 13D0     		beq	.L22
 114:main.c        ****   angular_speed = (pos1 - pos2) * 1000 / (t1 - t2);
 254              		.loc 1 114 0
 255 000a FFF7FEFF 		bl	__aeabi_dsub
 256              	.LVL25:
 257 000e 0022     		movs	r2, #0
 258 0010 084B     		ldr	r3, .L25
 259 0012 FFF7FEFF 		bl	__aeabi_dmul
 260              	.LVL26:
 261 0016 0646     		mov	r6, r0
 262 0018 0F46     		mov	r7, r1
 263 001a 281B     		subs	r0, r5, r4
 264 001c FFF7FEFF 		bl	__aeabi_ui2d
 265              	.LVL27:
 266 0020 0246     		mov	r2, r0
 267 0022 0B46     		mov	r3, r1
 268 0024 3046     		mov	r0, r6
 269 0026 3946     		mov	r1, r7
 270 0028 FFF7FEFF 		bl	__aeabi_ddiv
 271              	.LVL28:
 272 002c 024B     		ldr	r3, .L25+4
 273 002e C3E90601 		strd	r0, [r3, #24]
 274              	.L22:
 275 0032 F8BD     		pop	{r3, r4, r5, r6, r7, pc}
 276              	.LVL29:
 277              	.L26:
 278              		.align	2
 279              	.L25:
 280 0034 00408F40 		.word	1083129856
 281 0038 00000000 		.word	.LANCHOR0
 282              		.cfi_endproc
 283              	.LFE68:
 284              		.size	ConvertSpeed, .-ConvertSpeed
 285              		.global	__aeabi_dcmpeq
ARM GAS  C:\Users\santa\AppData\Local\Temp\ccHkX6Qh.s 			page 8


 286              		.global	__aeabi_dcmpgt
 287              		.section	.text.Timer_ISR,"ax",%progbits
 288              		.align	2
 289              		.global	Timer_ISR
 290              		.thumb
 291              		.thumb_func
 292              		.type	Timer_ISR, %function
 293              	Timer_ISR:
 294              	.LFB65:
  64:main.c        ****  
 295              		.loc 1 64 0
 296              		.cfi_startproc
 297              		@ args = 0, pretend = 0, frame = 0
 298              		@ frame_needed = 0, uses_anonymous_args = 0
 299 0000 2DE9F043 		push	{r4, r5, r6, r7, r8, r9, lr}
 300              		.cfi_def_cfa_offset 28
 301              		.cfi_offset 4, -28
 302              		.cfi_offset 5, -24
 303              		.cfi_offset 6, -20
 304              		.cfi_offset 7, -16
 305              		.cfi_offset 8, -12
 306              		.cfi_offset 9, -8
 307              		.cfi_offset 14, -4
 308 0004 83B0     		sub	sp, sp, #12
 309              		.cfi_def_cfa_offset 40
  66:main.c        ****    double pos_tmp = pos_motor;
 310              		.loc 1 66 0
 311 0006 344C     		ldr	r4, .L36+16
 312 0008 236A     		ldr	r3, [r4, #32]
 313 000a 0433     		adds	r3, r3, #4
 314 000c 2362     		str	r3, [r4, #32]
  67:main.c        ****   //sample_time = time_ref;
 315              		.loc 1 67 0
 316 000e D4E90A89 		ldrd	r8, [r4, #40]
 317              	.LVL30:
  69:main.c        ****   if (pos_motor != pos_tmp) {
 318              		.loc 1 69 0
 319 0012 FFF7FEFF 		bl	ConvertPosition
 320              	.LVL31:
 321 0016 0646     		mov	r6, r0
 322 0018 0F46     		mov	r7, r1
 323 001a C4E90A67 		strd	r6, [r4, #40]
  70:main.c        ****     sample_time=time_ref;
 324              		.loc 1 70 0
 325 001e 0246     		mov	r2, r0
 326 0020 0B46     		mov	r3, r1
 327 0022 4046     		mov	r0, r8
 328 0024 4946     		mov	r1, r9
 329 0026 FFF7FEFF 		bl	__aeabi_dcmpeq
 330              	.LVL32:
 331 002a 0028     		cmp	r0, #0
 332 002c 37D1     		bne	.L28
  71:main.c        ****     time_ref=time;
 333              		.loc 1 71 0
 334 002e 2B49     		ldr	r1, .L36+20
 335 0030 0A68     		ldr	r2, [r1]
 336 0032 2263     		str	r2, [r4, #48]
ARM GAS  C:\Users\santa\AppData\Local\Temp\ccHkX6Qh.s 			page 9


  72:main.c        ****     //if((time_ref-sample_time)!=0){
 337              		.loc 1 72 0
 338 0034 236A     		ldr	r3, [r4, #32]
 339 0036 0B60     		str	r3, [r1]
  74:main.c        ****     if(angular_speed <20 && angular_speed>-20){
 340              		.loc 1 74 0
 341 0038 0192     		str	r2, [sp, #4]
 342 003a 0093     		str	r3, [sp]
 343 003c 4246     		mov	r2, r8
 344 003e 4B46     		mov	r3, r9
 345 0040 3046     		mov	r0, r6
 346 0042 3946     		mov	r1, r7
 347 0044 FFF7FEFF 		bl	ConvertSpeed
 348              	.LVL33:
  75:main.c        ****       y=0.904*y+0.09564*angular_speed;
 349              		.loc 1 75 0
 350 0048 04F11805 		add	r5, r4, #24
 351 004c D5E90045 		ldrd	r4, [r5]
 352 0050 0022     		movs	r2, #0
 353 0052 234B     		ldr	r3, .L36+24
 354 0054 2046     		mov	r0, r4
 355 0056 2946     		mov	r1, r5
 356 0058 FFF7FEFF 		bl	__aeabi_dcmplt
 357              	.LVL34:
 358 005c F8B1     		cbz	r0, .L28
  75:main.c        ****       y=0.904*y+0.09564*angular_speed;
 359              		.loc 1 75 0 is_stmt 0 discriminator 1
 360 005e 0022     		movs	r2, #0
 361 0060 204B     		ldr	r3, .L36+28
 362 0062 2046     		mov	r0, r4
 363 0064 2946     		mov	r1, r5
 364 0066 FFF7FEFF 		bl	__aeabi_dcmpgt
 365              	.LVL35:
 366 006a C0B1     		cbz	r0, .L28
  76:main.c        ****       
 367              		.loc 1 76 0 is_stmt 1
 368 006c 1A4E     		ldr	r6, .L36+16
 369 006e 16A3     		adr	r3, .L36
 370 0070 D3E90023 		ldrd	r2, [r3]
 371 0074 D6E90E01 		ldrd	r0, [r6, #56]
 372 0078 FFF7FEFF 		bl	__aeabi_dmul
 373              	.LVL36:
 374 007c 8046     		mov	r8, r0
 375              	.LVL37:
 376 007e 8946     		mov	r9, r1
 377 0080 13A3     		adr	r3, .L36+8
 378 0082 D3E90023 		ldrd	r2, [r3]
 379 0086 2046     		mov	r0, r4
 380 0088 2946     		mov	r1, r5
 381 008a FFF7FEFF 		bl	__aeabi_dmul
 382              	.LVL38:
 383 008e 0246     		mov	r2, r0
 384 0090 0B46     		mov	r3, r1
 385 0092 4046     		mov	r0, r8
 386 0094 4946     		mov	r1, r9
 387 0096 FFF7FEFF 		bl	__aeabi_dadd
 388              	.LVL39:
ARM GAS  C:\Users\santa\AppData\Local\Temp\ccHkX6Qh.s 			page 10


 389 009a C6E90E01 		strd	r0, [r6, #56]
 390              	.L28:
  82:main.c        ****   UART_1_PutString(data_message);  
 391              		.loc 1 82 0
 392 009e 0E4B     		ldr	r3, .L36+16
 393 00a0 1A6A     		ldr	r2, [r3, #32]
 394 00a2 114C     		ldr	r4, .L36+32
 395 00a4 D3E90E01 		ldrd	r0, [r3, #56]
 396 00a8 CDE90001 		strd	r0, [sp]
 397 00ac 0F49     		ldr	r1, .L36+36
 398 00ae 2046     		mov	r0, r4
 399 00b0 FFF7FEFF 		bl	sprintf
 400              	.LVL40:
  83:main.c        ****   isr_Timer_ClearPending();
 401              		.loc 1 83 0
 402 00b4 2046     		mov	r0, r4
 403 00b6 FFF7FEFF 		bl	UART_1_PutString
 404              	.LVL41:
  84:main.c        **** }
 405              		.loc 1 84 0
 406 00ba FFF7FEFF 		bl	isr_Timer_ClearPending
 407              	.LVL42:
  85:main.c        **** 
 408              		.loc 1 85 0
 409 00be 03B0     		add	sp, sp, #12
 410              		.cfi_def_cfa_offset 28
 411              		@ sp needed
 412 00c0 BDE8F083 		pop	{r4, r5, r6, r7, r8, r9, pc}
 413              	.L37:
 414 00c4 AFF30080 		.align	3
 415              	.L36:
 416 00c8 21B07268 		.word	1752346657
 417 00cc 91EDEC3F 		.word	1072491921
 418 00d0 247F30F0 		.word	-265257180
 419 00d4 DC7BB83F 		.word	1069054940
 420 00d8 00000000 		.word	.LANCHOR0
 421 00dc 00000000 		.word	time_ref
 422 00e0 00003440 		.word	1077149696
 423 00e4 000034C0 		.word	-1070333952
 424 00e8 00000000 		.word	data_message
 425 00ec 00000000 		.word	.LC0
 426              		.cfi_endproc
 427              	.LFE65:
 428              		.size	Timer_ISR, .-Timer_ISR
 429              		.section	.text.main,"ax",%progbits
 430              		.align	2
 431              		.global	main
 432              		.thumb
 433              		.thumb_func
 434              		.type	main, %function
 435              	main:
 436              	.LFB69:
 115:main.c        ****   } 
 116:main.c        **** }
 117:main.c        **** int main(void)
 118:main.c        **** {
 437              		.loc 1 118 0
ARM GAS  C:\Users\santa\AppData\Local\Temp\ccHkX6Qh.s 			page 11


 438              		.cfi_startproc
 439              		@ args = 0, pretend = 0, frame = 0
 440              		@ frame_needed = 0, uses_anonymous_args = 0
 441 0000 38B5     		push	{r3, r4, r5, lr}
 442              		.cfi_def_cfa_offset 16
 443              		.cfi_offset 3, -16
 444              		.cfi_offset 4, -12
 445              		.cfi_offset 5, -8
 446              		.cfi_offset 14, -4
 119:main.c        ****     CyGlobalIntEnable; /* Enable global interrupts. */
 447              		.loc 1 119 0
 448              		.syntax unified
 449              	@ 119 "main.c" 1
 450 0002 62B6     		CPSIE   i
 451              	@ 0 "" 2
 120:main.c        ****    
 121:main.c        ****     isr_Timer_StartEx(Timer_ISR);
 452              		.loc 1 121 0
 453              		.thumb
 454              		.syntax unified
 455 0004 1448     		ldr	r0, .L43
 456 0006 FFF7FEFF 		bl	isr_Timer_StartEx
 457              	.LVL43:
 122:main.c        ****     isr_Vueltas_StartEx(contaSignal);
 458              		.loc 1 122 0
 459 000a 1448     		ldr	r0, .L43+4
 460 000c FFF7FEFF 		bl	isr_Vueltas_StartEx
 461              	.LVL44:
 123:main.c        ****     //isr_Timer(Timer_ISR);
 124:main.c        ****     /* Place your initialization/startup code here (e.g. MyInst_Start()) */
 125:main.c        ****     Timer_Start(); 
 462              		.loc 1 125 0
 463 0010 FFF7FEFF 		bl	Timer_Start
 464              	.LVL45:
 126:main.c        ****     PWM_Start();
 465              		.loc 1 126 0
 466 0014 FFF7FEFF 		bl	PWM_Start
 467              	.LVL46:
 127:main.c        ****     UART_1_Start();
 468              		.loc 1 127 0
 469 0018 FFF7FEFF 		bl	UART_1_Start
 470              	.LVL47:
 128:main.c        ****  
 129:main.c        ****     giro1_Write(1);
 471              		.loc 1 129 0
 472 001c 0120     		movs	r0, #1
 473 001e FFF7FEFF 		bl	giro1_Write
 474              	.LVL48:
 130:main.c        ****     giro2_Write(0);
 475              		.loc 1 130 0
 476 0022 0020     		movs	r0, #0
 477 0024 FFF7FEFF 		bl	giro2_Write
 478              	.LVL49:
 479              	.L39:
 480              	.LBB2:
 131:main.c        ****     for(;;)
 132:main.c        ****     {
ARM GAS  C:\Users\santa\AppData\Local\Temp\ccHkX6Qh.s 			page 12


 133:main.c        ****         // UART_1_PutChar(pwmFloats);
 134:main.c        ****          unsigned int pwmVal=sinewave[pwmFloats];
 481              		.loc 1 134 0
 482 0028 0D4C     		ldr	r4, .L43+8
 483 002a 236C     		ldr	r3, [r4, #64]
 484 002c 0D4A     		ldr	r2, .L43+12
 485 002e D55C     		ldrb	r5, [r2, r3]	@ zero_extendqisi2
 486              	.LVL50:
 135:main.c        ****          CyDelay(delayFreq[0]);
 487              		.loc 1 135 0
 488 0030 A320     		movs	r0, #163
 489 0032 FFF7FEFF 		bl	CyDelay
 490              	.LVL51:
 136:main.c        ****          
 137:main.c        ****         setPwm(pwmVal); 
 491              		.loc 1 137 0
 492 0036 2846     		mov	r0, r5
 493 0038 FFF7FEFF 		bl	setPwm
 494              	.LVL52:
 138:main.c        ****         UART_1_PutChar(pwmVal);
 495              		.loc 1 138 0
 496 003c 2846     		mov	r0, r5
 497 003e FFF7FEFF 		bl	UART_1_PutChar
 498              	.LVL53:
 139:main.c        ****         if(pwmFloats>=50){
 499              		.loc 1 139 0
 500 0042 236C     		ldr	r3, [r4, #64]
 501 0044 312B     		cmp	r3, #49
 502 0046 02D9     		bls	.L40
 140:main.c        ****            pwmFloats=0;
 503              		.loc 1 140 0
 504 0048 0022     		movs	r2, #0
 505 004a 2264     		str	r2, [r4, #64]
 506 004c ECE7     		b	.L39
 507              	.L40:
 141:main.c        ****         }else{
 142:main.c        ****             pwmFloats++;
 508              		.loc 1 142 0
 509 004e 0133     		adds	r3, r3, #1
 510 0050 034A     		ldr	r2, .L43+8
 511 0052 1364     		str	r3, [r2, #64]
 512 0054 E8E7     		b	.L39
 513              	.L44:
 514 0056 00BF     		.align	2
 515              	.L43:
 516 0058 00000000 		.word	Timer_ISR
 517 005c 00000000 		.word	contaSignal
 518 0060 00000000 		.word	.LANCHOR0
 519 0064 00000000 		.word	.LANCHOR1
 520              	.LBE2:
 521              		.cfi_endproc
 522              	.LFE69:
 523              		.size	main, .-main
 524              		.comm	data_message,40,4
 525              		.global	y
 526              		.global	state
 527              		.comm	flag_time,4,4
ARM GAS  C:\Users\santa\AppData\Local\Temp\ccHkX6Qh.s 			page 13


 528              		.global	flag_giro2
 529              		.global	time
 530              		.global	flag_giro1
 531              		.global	time_back
 532              		.comm	time_ref,4,4
 533              		.global	pwmFloats
 534              		.global	tau
 535              		.global	pos_motor
 536              		.global	angular_speed
 537              		.global	sample_time
 538              		.global	pos_init
 539              		.global	count_speed
 540              		.global	index_t
 541              		.global	delayFreq
 542              		.global	sinewave
 543              		.section	.rodata
 544              		.align	2
 545              		.set	.LANCHOR1,. + 0
 546              		.type	sinewave, %object
 547              		.size	sinewave, 51
 548              	sinewave:
 549 0000 4E       		.byte	78
 550 0001 54       		.byte	84
 551 0002 5A       		.byte	90
 552 0003 60       		.byte	96
 553 0004 66       		.byte	102
 554 0005 6B       		.byte	107
 555 0006 70       		.byte	112
 556 0007 75       		.byte	117
 557 0008 78       		.byte	120
 558 0009 7B       		.byte	123
 559 000a 7E       		.byte	126
 560 000b 7F       		.byte	127
 561 000c 80       		.byte	-128
 562 000d 80       		.byte	-128
 563 000e 7F       		.byte	127
 564 000f 7E       		.byte	126
 565 0010 7B       		.byte	123
 566 0011 78       		.byte	120
 567 0012 75       		.byte	117
 568 0013 70       		.byte	112
 569 0014 6B       		.byte	107
 570 0015 66       		.byte	102
 571 0016 60       		.byte	96
 572 0017 5A       		.byte	90
 573 0018 54       		.byte	84
 574 0019 4E       		.byte	78
 575 001a 48       		.byte	72
 576 001b 42       		.byte	66
 577 001c 3C       		.byte	60
 578 001d 36       		.byte	54
 579 001e 31       		.byte	49
 580 001f 2C       		.byte	44
 581 0020 27       		.byte	39
 582 0021 24       		.byte	36
 583 0022 21       		.byte	33
 584 0023 1E       		.byte	30
ARM GAS  C:\Users\santa\AppData\Local\Temp\ccHkX6Qh.s 			page 14


 585 0024 1D       		.byte	29
 586 0025 1C       		.byte	28
 587 0026 1C       		.byte	28
 588 0027 1D       		.byte	29
 589 0028 1E       		.byte	30
 590 0029 21       		.byte	33
 591 002a 24       		.byte	36
 592 002b 27       		.byte	39
 593 002c 2C       		.byte	44
 594 002d 31       		.byte	49
 595 002e 36       		.byte	54
 596 002f 3C       		.byte	60
 597 0030 42       		.byte	66
 598 0031 48       		.byte	72
 599 0032 4E       		.byte	78
 600 0033 00       		.space	1
 601              		.type	delayFreq, %object
 602              		.size	delayFreq, 60
 603              	delayFreq:
 604 0034 A3000000 		.word	163
 605 0038 8C000000 		.word	140
 606 003c 78000000 		.word	120
 607 0040 64000000 		.word	100
 608 0044 51000000 		.word	81
 609 0048 3C000000 		.word	60
 610 004c 28000000 		.word	40
 611 0050 20000000 		.word	32
 612 0054 1C000000 		.word	28
 613 0058 17000000 		.word	23
 614 005c 10000000 		.word	16
 615 0060 0E000000 		.word	14
 616 0064 0C000000 		.word	12
 617 0068 0A000000 		.word	10
 618 006c 08000000 		.word	8
 619              		.data
 620              		.align	2
 621              		.type	flag_giro1, %object
 622              		.size	flag_giro1, 4
 623              	flag_giro1:
 624 0000 01000000 		.word	1
 625              		.type	tau, %object
 626              		.size	tau, 4
 627              	tau:
 628 0004 A2000000 		.word	162
 629              		.section	.rodata.str1.4,"aMS",%progbits,1
 630              		.align	2
 631              	.LC0:
 632 0000 256C7509 		.ascii	"%lu\011%.2f\012\000"
 632      252E3266 
 632      0A00
 633              		.bss
 634              		.align	3
 635              		.set	.LANCHOR0,. + 0
 636              		.type	count_speed, %object
 637              		.size	count_speed, 8
 638              	count_speed:
 639 0000 00000000 		.space	8
ARM GAS  C:\Users\santa\AppData\Local\Temp\ccHkX6Qh.s 			page 15


 639      00000000 
 640              		.type	state, %object
 641              		.size	state, 4
 642              	state:
 643 0008 00000000 		.space	4
 644 000c 00000000 		.space	4
 645              		.type	pos_init, %object
 646              		.size	pos_init, 8
 647              	pos_init:
 648 0010 00000000 		.space	8
 648      00000000 
 649              		.type	angular_speed, %object
 650              		.size	angular_speed, 8
 651              	angular_speed:
 652 0018 00000000 		.space	8
 652      00000000 
 653              		.type	time, %object
 654              		.size	time, 4
 655              	time:
 656 0020 00000000 		.space	4
 657 0024 00000000 		.space	4
 658              		.type	pos_motor, %object
 659              		.size	pos_motor, 8
 660              	pos_motor:
 661 0028 00000000 		.space	8
 661      00000000 
 662              		.type	sample_time, %object
 663              		.size	sample_time, 4
 664              	sample_time:
 665 0030 00000000 		.space	4
 666 0034 00000000 		.space	4
 667              		.type	y, %object
 668              		.size	y, 8
 669              	y:
 670 0038 00000000 		.space	8
 670      00000000 
 671              		.type	pwmFloats, %object
 672              		.size	pwmFloats, 4
 673              	pwmFloats:
 674 0040 00000000 		.space	4
 675              		.type	flag_giro2, %object
 676              		.size	flag_giro2, 4
 677              	flag_giro2:
 678 0044 00000000 		.space	4
 679              		.type	time_back, %object
 680              		.size	time_back, 4
 681              	time_back:
 682 0048 00000000 		.space	4
 683              		.type	index_t, %object
 684              		.size	index_t, 1
 685              	index_t:
 686 004c 00       		.space	1
 687              		.text
 688              	.Letext0:
 689              		.file 2 "c:\\program files (x86)\\cypress\\psoc creator\\4.4\\psoc creator\\import\\gnu\\arm\\5.4.
 690              		.file 3 "c:\\program files (x86)\\cypress\\psoc creator\\4.4\\psoc creator\\import\\gnu\\arm\\5.4.
 691              		.file 4 "Generated_Source\\PSoC5/cytypes.h"
ARM GAS  C:\Users\santa\AppData\Local\Temp\ccHkX6Qh.s 			page 16


 692              		.file 5 "Generated_Source\\PSoC5/core_cm3.h"
 693              		.file 6 "Generated_Source\\PSoC5/sensorA.h"
 694              		.file 7 "Generated_Source\\PSoC5/sensorB.h"
 695              		.file 8 "Generated_Source\\PSoC5/PWM.h"
 696              		.file 9 "c:\\program files (x86)\\cypress\\psoc creator\\4.4\\psoc creator\\import\\gnu\\arm\\5.4.
 697              		.file 10 "Generated_Source\\PSoC5/UART_1.h"
 698              		.file 11 "Generated_Source\\PSoC5/isr_Timer.h"
 699              		.file 12 "Generated_Source\\PSoC5/CyLib.h"
 700              		.file 13 "Generated_Source\\PSoC5/isr_Vueltas.h"
 701              		.file 14 "Generated_Source\\PSoC5/Timer.h"
 702              		.file 15 "Generated_Source\\PSoC5/giro1.h"
 703              		.file 16 "Generated_Source\\PSoC5/giro2.h"
 704              		.section	.debug_info,"",%progbits
 705              	.Ldebug_info0:
 706 0000 63050000 		.4byte	0x563
 707 0004 0400     		.2byte	0x4
 708 0006 00000000 		.4byte	.Ldebug_abbrev0
 709 000a 04       		.byte	0x4
 710 000b 01       		.uleb128 0x1
 711 000c 19030000 		.4byte	.LASF65
 712 0010 0C       		.byte	0xc
 713 0011 72020000 		.4byte	.LASF66
 714 0015 6C000000 		.4byte	.LASF67
 715 0019 00000000 		.4byte	.Ldebug_ranges0+0
 716 001d 00000000 		.4byte	0
 717 0021 00000000 		.4byte	.Ldebug_line0
 718 0025 02       		.uleb128 0x2
 719 0026 08       		.byte	0x8
 720 0027 04       		.byte	0x4
 721 0028 8B020000 		.4byte	.LASF0
 722 002c 02       		.uleb128 0x2
 723 002d 01       		.byte	0x1
 724 002e 06       		.byte	0x6
 725 002f B3010000 		.4byte	.LASF1
 726 0033 02       		.uleb128 0x2
 727 0034 01       		.byte	0x1
 728 0035 08       		.byte	0x8
 729 0036 8D010000 		.4byte	.LASF2
 730 003a 02       		.uleb128 0x2
 731 003b 02       		.byte	0x2
 732 003c 05       		.byte	0x5
 733 003d 42000000 		.4byte	.LASF3
 734 0041 02       		.uleb128 0x2
 735 0042 02       		.byte	0x2
 736 0043 07       		.byte	0x7
 737 0044 05020000 		.4byte	.LASF4
 738 0048 03       		.uleb128 0x3
 739 0049 C5020000 		.4byte	.LASF10
 740 004d 02       		.byte	0x2
 741 004e 3F       		.byte	0x3f
 742 004f 53000000 		.4byte	0x53
 743 0053 02       		.uleb128 0x2
 744 0054 04       		.byte	0x4
 745 0055 05       		.byte	0x5
 746 0056 34020000 		.4byte	.LASF5
 747 005a 02       		.uleb128 0x2
 748 005b 04       		.byte	0x4
ARM GAS  C:\Users\santa\AppData\Local\Temp\ccHkX6Qh.s 			page 17


 749 005c 07       		.byte	0x7
 750 005d 79020000 		.4byte	.LASF6
 751 0061 02       		.uleb128 0x2
 752 0062 08       		.byte	0x8
 753 0063 05       		.byte	0x5
 754 0064 20010000 		.4byte	.LASF7
 755 0068 02       		.uleb128 0x2
 756 0069 08       		.byte	0x8
 757 006a 07       		.byte	0x7
 758 006b C8010000 		.4byte	.LASF8
 759 006f 04       		.uleb128 0x4
 760 0070 04       		.byte	0x4
 761 0071 05       		.byte	0x5
 762 0072 696E7400 		.ascii	"int\000"
 763 0076 02       		.uleb128 0x2
 764 0077 04       		.byte	0x4
 765 0078 07       		.byte	0x7
 766 0079 DF010000 		.4byte	.LASF9
 767 007d 03       		.uleb128 0x3
 768 007e 4C020000 		.4byte	.LASF11
 769 0082 03       		.byte	0x3
 770 0083 2C       		.byte	0x2c
 771 0084 48000000 		.4byte	0x48
 772 0088 05       		.uleb128 0x5
 773 0089 D3000000 		.4byte	.LASF12
 774 008d 04       		.byte	0x4
 775 008e E801     		.2byte	0x1e8
 776 0090 33000000 		.4byte	0x33
 777 0094 02       		.uleb128 0x2
 778 0095 04       		.byte	0x4
 779 0096 04       		.byte	0x4
 780 0097 1A010000 		.4byte	.LASF13
 781 009b 02       		.uleb128 0x2
 782 009c 01       		.byte	0x1
 783 009d 08       		.byte	0x8
 784 009e 2F020000 		.4byte	.LASF14
 785 00a2 02       		.uleb128 0x2
 786 00a3 08       		.byte	0x8
 787 00a4 04       		.byte	0x4
 788 00a5 BB000000 		.4byte	.LASF15
 789 00a9 02       		.uleb128 0x2
 790 00aa 04       		.byte	0x4
 791 00ab 07       		.byte	0x7
 792 00ac 58000000 		.4byte	.LASF16
 793 00b0 06       		.uleb128 0x6
 794 00b1 4C000000 		.4byte	.LASF17
 795 00b5 01       		.byte	0x1
 796 00b6 32       		.byte	0x32
 797 00b7 00000000 		.4byte	.LFB64
 798 00bb 38000000 		.4byte	.LFE64-.LFB64
 799 00bf 01       		.uleb128 0x1
 800 00c0 9C       		.byte	0x9c
 801 00c1 F0000000 		.4byte	0xf0
 802 00c5 07       		.uleb128 0x7
 803 00c6 BF010000 		.4byte	.LASF19
 804 00ca 01       		.byte	0x1
 805 00cb 33       		.byte	0x33
ARM GAS  C:\Users\santa\AppData\Local\Temp\ccHkX6Qh.s 			page 18


 806 00cc 6F000000 		.4byte	0x6f
 807 00d0 00000000 		.4byte	.LLST0
 808 00d4 08       		.uleb128 0x8
 809 00d5 06000000 		.4byte	.LVL1
 810 00d9 B6040000 		.4byte	0x4b6
 811 00dd 08       		.uleb128 0x8
 812 00de 20000000 		.4byte	.LVL3
 813 00e2 C1040000 		.4byte	0x4c1
 814 00e6 08       		.uleb128 0x8
 815 00e7 28000000 		.4byte	.LVL4
 816 00eb CC040000 		.4byte	0x4cc
 817 00ef 00       		.byte	0
 818 00f0 09       		.uleb128 0x9
 819 00f1 9B010000 		.4byte	.LASF18
 820 00f5 01       		.byte	0x1
 821 00f6 57       		.byte	0x57
 822 00f7 25000000 		.4byte	0x25
 823 00fb 00000000 		.4byte	.LFB66
 824 00ff C0000000 		.4byte	.LFE66-.LFB66
 825 0103 01       		.uleb128 0x1
 826 0104 9C       		.byte	0x9c
 827 0105 35010000 		.4byte	0x135
 828 0109 07       		.uleb128 0x7
 829 010a 43010000 		.4byte	.LASF20
 830 010e 01       		.byte	0x1
 831 010f 58       		.byte	0x58
 832 0110 25000000 		.4byte	0x25
 833 0114 17000000 		.4byte	.LLST1
 834 0118 07       		.uleb128 0x7
 835 0119 16000000 		.4byte	.LASF21
 836 011d 01       		.byte	0x1
 837 011e 58       		.byte	0x58
 838 011f 25000000 		.4byte	0x25
 839 0123 2F000000 		.4byte	.LLST2
 840 0127 0A       		.uleb128 0xa
 841 0128 6B00     		.ascii	"k\000"
 842 012a 01       		.byte	0x1
 843 012b 59       		.byte	0x59
 844 012c 6F000000 		.4byte	0x6f
 845 0130 8F000000 		.4byte	.LLST3
 846 0134 00       		.byte	0
 847 0135 0B       		.uleb128 0xb
 848 0136 AF030000 		.4byte	.LASF22
 849 013a 01       		.byte	0x1
 850 013b 69       		.byte	0x69
 851 013c 00000000 		.4byte	.LFB67
 852 0140 10000000 		.4byte	.LFE67-.LFB67
 853 0144 01       		.uleb128 0x1
 854 0145 9C       		.byte	0x9c
 855 0146 82010000 		.4byte	0x182
 856 014a 0C       		.uleb128 0xc
 857 014b CD000000 		.4byte	.LASF25
 858 014f 01       		.byte	0x1
 859 0150 69       		.byte	0x69
 860 0151 6F000000 		.4byte	0x6f
 861 0155 A2000000 		.4byte	.LLST4
 862 0159 07       		.uleb128 0x7
ARM GAS  C:\Users\santa\AppData\Local\Temp\ccHkX6Qh.s 			page 19


 863 015a C7000000 		.4byte	.LASF23
 864 015e 01       		.byte	0x1
 865 015f 6A       		.byte	0x6a
 866 0160 88000000 		.4byte	0x88
 867 0164 C3000000 		.4byte	.LLST5
 868 0168 0D       		.uleb128 0xd
 869 0169 0A000000 		.4byte	.LVL23
 870 016d D7040000 		.4byte	0x4d7
 871 0171 0E       		.uleb128 0xe
 872 0172 01       		.uleb128 0x1
 873 0173 50       		.byte	0x50
 874 0174 0B       		.uleb128 0xb
 875 0175 F3       		.byte	0xf3
 876 0176 01       		.uleb128 0x1
 877 0177 50       		.byte	0x50
 878 0178 03       		.byte	0x3
 879 0179 00000000 		.4byte	.LANCHOR1
 880 017d 22       		.byte	0x22
 881 017e 94       		.byte	0x94
 882 017f 01       		.byte	0x1
 883 0180 00       		.byte	0
 884 0181 00       		.byte	0
 885 0182 06       		.uleb128 0x6
 886 0183 D9020000 		.4byte	.LASF24
 887 0187 01       		.byte	0x1
 888 0188 6F       		.byte	0x6f
 889 0189 00000000 		.4byte	.LFB68
 890 018d 3C000000 		.4byte	.LFE68-.LFB68
 891 0191 01       		.uleb128 0x1
 892 0192 9C       		.byte	0x9c
 893 0193 D2010000 		.4byte	0x1d2
 894 0197 0C       		.uleb128 0xc
 895 0198 6D020000 		.4byte	.LASF26
 896 019c 01       		.byte	0x1
 897 019d 6F       		.byte	0x6f
 898 019e 25000000 		.4byte	0x25
 899 01a2 FB000000 		.4byte	.LLST6
 900 01a6 0C       		.uleb128 0xc
 901 01a7 68020000 		.4byte	.LASF27
 902 01ab 01       		.byte	0x1
 903 01ac 6F       		.byte	0x6f
 904 01ad 25000000 		.4byte	0x25
 905 01b1 23010000 		.4byte	.LLST7
 906 01b5 0F       		.uleb128 0xf
 907 01b6 743100   		.ascii	"t1\000"
 908 01b9 01       		.byte	0x1
 909 01ba 6F       		.byte	0x6f
 910 01bb 76000000 		.4byte	0x76
 911 01bf 4B010000 		.4byte	.LLST8
 912 01c3 0F       		.uleb128 0xf
 913 01c4 743200   		.ascii	"t2\000"
 914 01c7 01       		.byte	0x1
 915 01c8 6F       		.byte	0x6f
 916 01c9 76000000 		.4byte	0x76
 917 01cd 6B010000 		.4byte	.LLST9
 918 01d1 00       		.byte	0
 919 01d2 06       		.uleb128 0x6
ARM GAS  C:\Users\santa\AppData\Local\Temp\ccHkX6Qh.s 			page 20


 920 01d3 AF020000 		.4byte	.LASF28
 921 01d7 01       		.byte	0x1
 922 01d8 40       		.byte	0x40
 923 01d9 00000000 		.4byte	.LFB65
 924 01dd F0000000 		.4byte	.LFE65-.LFB65
 925 01e1 01       		.uleb128 0x1
 926 01e2 9C       		.byte	0x9c
 927 01e3 43020000 		.4byte	0x243
 928 01e7 07       		.uleb128 0x7
 929 01e8 FD010000 		.4byte	.LASF29
 930 01ec 01       		.byte	0x1
 931 01ed 43       		.byte	0x43
 932 01ee 25000000 		.4byte	0x25
 933 01f2 8B010000 		.4byte	.LLST10
 934 01f6 08       		.uleb128 0x8
 935 01f7 16000000 		.4byte	.LVL31
 936 01fb F0000000 		.4byte	0xf0
 937 01ff 08       		.uleb128 0x8
 938 0200 48000000 		.4byte	.LVL33
 939 0204 82010000 		.4byte	0x182
 940 0208 10       		.uleb128 0x10
 941 0209 B4000000 		.4byte	.LVL40
 942 020d E2040000 		.4byte	0x4e2
 943 0211 25020000 		.4byte	0x225
 944 0215 0E       		.uleb128 0xe
 945 0216 01       		.uleb128 0x1
 946 0217 50       		.byte	0x50
 947 0218 02       		.uleb128 0x2
 948 0219 74       		.byte	0x74
 949 021a 00       		.sleb128 0
 950 021b 0E       		.uleb128 0xe
 951 021c 01       		.uleb128 0x1
 952 021d 51       		.byte	0x51
 953 021e 05       		.uleb128 0x5
 954 021f 03       		.byte	0x3
 955 0220 00000000 		.4byte	.LC0
 956 0224 00       		.byte	0
 957 0225 10       		.uleb128 0x10
 958 0226 BA000000 		.4byte	.LVL41
 959 022a ED040000 		.4byte	0x4ed
 960 022e 39020000 		.4byte	0x239
 961 0232 0E       		.uleb128 0xe
 962 0233 01       		.uleb128 0x1
 963 0234 50       		.byte	0x50
 964 0235 02       		.uleb128 0x2
 965 0236 74       		.byte	0x74
 966 0237 00       		.sleb128 0
 967 0238 00       		.byte	0
 968 0239 08       		.uleb128 0x8
 969 023a BE000000 		.4byte	.LVL42
 970 023e F8040000 		.4byte	0x4f8
 971 0242 00       		.byte	0
 972 0243 11       		.uleb128 0x11
 973 0244 3D020000 		.4byte	.LASF68
 974 0248 01       		.byte	0x1
 975 0249 75       		.byte	0x75
 976 024a 6F000000 		.4byte	0x6f
ARM GAS  C:\Users\santa\AppData\Local\Temp\ccHkX6Qh.s 			page 21


 977 024e 00000000 		.4byte	.LFB69
 978 0252 68000000 		.4byte	.LFE69-.LFB69
 979 0256 01       		.uleb128 0x1
 980 0257 9C       		.byte	0x9c
 981 0258 20030000 		.4byte	0x320
 982 025c 12       		.uleb128 0x12
 983 025d 28000000 		.4byte	.LBB2
 984 0261 40000000 		.4byte	.LBE2-.LBB2
 985 0265 B4020000 		.4byte	0x2b4
 986 0269 13       		.uleb128 0x13
 987 026a FD020000 		.4byte	.LASF30
 988 026e 01       		.byte	0x1
 989 026f 86       		.byte	0x86
 990 0270 76000000 		.4byte	0x76
 991 0274 06       		.uleb128 0x6
 992 0275 75       		.byte	0x75
 993 0276 00       		.sleb128 0
 994 0277 08       		.byte	0x8
 995 0278 FF       		.byte	0xff
 996 0279 1A       		.byte	0x1a
 997 027a 9F       		.byte	0x9f
 998 027b 10       		.uleb128 0x10
 999 027c 36000000 		.4byte	.LVL51
 1000 0280 03050000 		.4byte	0x503
 1001 0284 8F020000 		.4byte	0x28f
 1002 0288 0E       		.uleb128 0xe
 1003 0289 01       		.uleb128 0x1
 1004 028a 50       		.byte	0x50
 1005 028b 02       		.uleb128 0x2
 1006 028c 08       		.byte	0x8
 1007 028d A3       		.byte	0xa3
 1008 028e 00       		.byte	0
 1009 028f 10       		.uleb128 0x10
 1010 0290 3C000000 		.4byte	.LVL52
 1011 0294 35010000 		.4byte	0x135
 1012 0298 A3020000 		.4byte	0x2a3
 1013 029c 0E       		.uleb128 0xe
 1014 029d 01       		.uleb128 0x1
 1015 029e 50       		.byte	0x50
 1016 029f 02       		.uleb128 0x2
 1017 02a0 75       		.byte	0x75
 1018 02a1 00       		.sleb128 0
 1019 02a2 00       		.byte	0
 1020 02a3 0D       		.uleb128 0xd
 1021 02a4 42000000 		.4byte	.LVL53
 1022 02a8 0E050000 		.4byte	0x50e
 1023 02ac 0E       		.uleb128 0xe
 1024 02ad 01       		.uleb128 0x1
 1025 02ae 50       		.byte	0x50
 1026 02af 02       		.uleb128 0x2
 1027 02b0 75       		.byte	0x75
 1028 02b1 00       		.sleb128 0
 1029 02b2 00       		.byte	0
 1030 02b3 00       		.byte	0
 1031 02b4 10       		.uleb128 0x10
 1032 02b5 0A000000 		.4byte	.LVL43
 1033 02b9 19050000 		.4byte	0x519
ARM GAS  C:\Users\santa\AppData\Local\Temp\ccHkX6Qh.s 			page 22


 1034 02bd CB020000 		.4byte	0x2cb
 1035 02c1 0E       		.uleb128 0xe
 1036 02c2 01       		.uleb128 0x1
 1037 02c3 50       		.byte	0x50
 1038 02c4 05       		.uleb128 0x5
 1039 02c5 03       		.byte	0x3
 1040 02c6 00000000 		.4byte	Timer_ISR
 1041 02ca 00       		.byte	0
 1042 02cb 10       		.uleb128 0x10
 1043 02cc 10000000 		.4byte	.LVL44
 1044 02d0 24050000 		.4byte	0x524
 1045 02d4 E2020000 		.4byte	0x2e2
 1046 02d8 0E       		.uleb128 0xe
 1047 02d9 01       		.uleb128 0x1
 1048 02da 50       		.byte	0x50
 1049 02db 05       		.uleb128 0x5
 1050 02dc 03       		.byte	0x3
 1051 02dd 00000000 		.4byte	contaSignal
 1052 02e1 00       		.byte	0
 1053 02e2 08       		.uleb128 0x8
 1054 02e3 14000000 		.4byte	.LVL45
 1055 02e7 2F050000 		.4byte	0x52f
 1056 02eb 08       		.uleb128 0x8
 1057 02ec 18000000 		.4byte	.LVL46
 1058 02f0 3A050000 		.4byte	0x53a
 1059 02f4 08       		.uleb128 0x8
 1060 02f5 1C000000 		.4byte	.LVL47
 1061 02f9 45050000 		.4byte	0x545
 1062 02fd 10       		.uleb128 0x10
 1063 02fe 22000000 		.4byte	.LVL48
 1064 0302 50050000 		.4byte	0x550
 1065 0306 10030000 		.4byte	0x310
 1066 030a 0E       		.uleb128 0xe
 1067 030b 01       		.uleb128 0x1
 1068 030c 50       		.byte	0x50
 1069 030d 01       		.uleb128 0x1
 1070 030e 31       		.byte	0x31
 1071 030f 00       		.byte	0
 1072 0310 0D       		.uleb128 0xd
 1073 0311 28000000 		.4byte	.LVL49
 1074 0315 5B050000 		.4byte	0x55b
 1075 0319 0E       		.uleb128 0xe
 1076 031a 01       		.uleb128 0x1
 1077 031b 50       		.byte	0x50
 1078 031c 01       		.uleb128 0x1
 1079 031d 30       		.byte	0x30
 1080 031e 00       		.byte	0
 1081 031f 00       		.byte	0
 1082 0320 14       		.uleb128 0x14
 1083 0321 0C030000 		.4byte	.LASF31
 1084 0325 05       		.byte	0x5
 1085 0326 1207     		.2byte	0x712
 1086 0328 2C030000 		.4byte	0x32c
 1087 032c 15       		.uleb128 0x15
 1088 032d 7D000000 		.4byte	0x7d
 1089 0331 16       		.uleb128 0x16
 1090 0332 41030000 		.4byte	0x341
ARM GAS  C:\Users\santa\AppData\Local\Temp\ccHkX6Qh.s 			page 23


 1091 0336 41030000 		.4byte	0x341
 1092 033a 17       		.uleb128 0x17
 1093 033b A9000000 		.4byte	0xa9
 1094 033f 32       		.byte	0x32
 1095 0340 00       		.byte	0
 1096 0341 18       		.uleb128 0x18
 1097 0342 88000000 		.4byte	0x88
 1098 0346 19       		.uleb128 0x19
 1099 0347 2E010000 		.4byte	.LASF32
 1100 034b 01       		.byte	0x1
 1101 034c 0E       		.byte	0xe
 1102 034d 57030000 		.4byte	0x357
 1103 0351 05       		.uleb128 0x5
 1104 0352 03       		.byte	0x3
 1105 0353 00000000 		.4byte	sinewave
 1106 0357 18       		.uleb128 0x18
 1107 0358 31030000 		.4byte	0x331
 1108 035c 16       		.uleb128 0x16
 1109 035d 6C030000 		.4byte	0x36c
 1110 0361 6C030000 		.4byte	0x36c
 1111 0365 17       		.uleb128 0x17
 1112 0366 A9000000 		.4byte	0xa9
 1113 036a 0E       		.byte	0xe
 1114 036b 00       		.byte	0
 1115 036c 18       		.uleb128 0x18
 1116 036d 76000000 		.4byte	0x76
 1117 0371 19       		.uleb128 0x19
 1118 0372 42020000 		.4byte	.LASF33
 1119 0376 01       		.byte	0x1
 1120 0377 14       		.byte	0x14
 1121 0378 82030000 		.4byte	0x382
 1122 037c 05       		.uleb128 0x5
 1123 037d 03       		.byte	0x3
 1124 037e 00000000 		.4byte	delayFreq
 1125 0382 18       		.uleb128 0x18
 1126 0383 5C030000 		.4byte	0x35c
 1127 0387 19       		.uleb128 0x19
 1128 0388 04030000 		.4byte	.LASF34
 1129 038c 01       		.byte	0x1
 1130 038d 1A       		.byte	0x1a
 1131 038e 88000000 		.4byte	0x88
 1132 0392 05       		.uleb128 0x5
 1133 0393 03       		.byte	0x3
 1134 0394 00000000 		.4byte	index_t
 1135 0398 19       		.uleb128 0x19
 1136 0399 78010000 		.4byte	.LASF35
 1137 039d 01       		.byte	0x1
 1138 039e 1B       		.byte	0x1b
 1139 039f 25000000 		.4byte	0x25
 1140 03a3 05       		.uleb128 0x5
 1141 03a4 03       		.byte	0x3
 1142 03a5 00000000 		.4byte	count_speed
 1143 03a9 19       		.uleb128 0x19
 1144 03aa 4D010000 		.4byte	.LASF36
 1145 03ae 01       		.byte	0x1
 1146 03af 1C       		.byte	0x1c
 1147 03b0 25000000 		.4byte	0x25
ARM GAS  C:\Users\santa\AppData\Local\Temp\ccHkX6Qh.s 			page 24


 1148 03b4 05       		.uleb128 0x5
 1149 03b5 03       		.byte	0x3
 1150 03b6 00000000 		.4byte	pos_init
 1151 03ba 19       		.uleb128 0x19
 1152 03bb 0A000000 		.4byte	.LASF37
 1153 03bf 01       		.byte	0x1
 1154 03c0 1D       		.byte	0x1d
 1155 03c1 5A000000 		.4byte	0x5a
 1156 03c5 05       		.uleb128 0x5
 1157 03c6 03       		.byte	0x3
 1158 03c7 00000000 		.4byte	sample_time
 1159 03cb 19       		.uleb128 0x19
 1160 03cc D9000000 		.4byte	.LASF38
 1161 03d0 01       		.byte	0x1
 1162 03d1 20       		.byte	0x20
 1163 03d2 25000000 		.4byte	0x25
 1164 03d6 05       		.uleb128 0x5
 1165 03d7 03       		.byte	0x3
 1166 03d8 00000000 		.4byte	angular_speed
 1167 03dc 19       		.uleb128 0x19
 1168 03dd 54020000 		.4byte	.LASF39
 1169 03e1 01       		.byte	0x1
 1170 03e2 21       		.byte	0x21
 1171 03e3 25000000 		.4byte	0x25
 1172 03e7 05       		.uleb128 0x5
 1173 03e8 03       		.byte	0x3
 1174 03e9 00000000 		.4byte	pos_motor
 1175 03ed 1A       		.uleb128 0x1a
 1176 03ee 74617500 		.ascii	"tau\000"
 1177 03f2 01       		.byte	0x1
 1178 03f3 22       		.byte	0x22
 1179 03f4 76000000 		.4byte	0x76
 1180 03f8 05       		.uleb128 0x5
 1181 03f9 03       		.byte	0x3
 1182 03fa 00000000 		.4byte	tau
 1183 03fe 19       		.uleb128 0x19
 1184 03ff 00000000 		.4byte	.LASF40
 1185 0403 01       		.byte	0x1
 1186 0404 23       		.byte	0x23
 1187 0405 76000000 		.4byte	0x76
 1188 0409 05       		.uleb128 0x5
 1189 040a 03       		.byte	0x3
 1190 040b 00000000 		.4byte	pwmFloats
 1191 040f 19       		.uleb128 0x19
 1192 0410 84010000 		.4byte	.LASF41
 1193 0414 01       		.byte	0x1
 1194 0415 24       		.byte	0x24
 1195 0416 5A000000 		.4byte	0x5a
 1196 041a 05       		.uleb128 0x5
 1197 041b 03       		.byte	0x3
 1198 041c 00000000 		.4byte	time_ref
 1199 0420 19       		.uleb128 0x19
 1200 0421 E7000000 		.4byte	.LASF42
 1201 0425 01       		.byte	0x1
 1202 0426 24       		.byte	0x24
 1203 0427 5A000000 		.4byte	0x5a
 1204 042b 05       		.uleb128 0x5
ARM GAS  C:\Users\santa\AppData\Local\Temp\ccHkX6Qh.s 			page 25


 1205 042c 03       		.byte	0x3
 1206 042d 00000000 		.4byte	time_back
 1207 0431 19       		.uleb128 0x19
 1208 0432 56010000 		.4byte	.LASF43
 1209 0436 01       		.byte	0x1
 1210 0437 25       		.byte	0x25
 1211 0438 76000000 		.4byte	0x76
 1212 043c 05       		.uleb128 0x5
 1213 043d 03       		.byte	0x3
 1214 043e 00000000 		.4byte	flag_giro1
 1215 0442 19       		.uleb128 0x19
 1216 0443 E6020000 		.4byte	.LASF44
 1217 0447 01       		.byte	0x1
 1218 0448 26       		.byte	0x26
 1219 0449 5A000000 		.4byte	0x5a
 1220 044d 05       		.uleb128 0x5
 1221 044e 03       		.byte	0x3
 1222 044f 00000000 		.4byte	time
 1223 0453 19       		.uleb128 0x19
 1224 0454 61000000 		.4byte	.LASF45
 1225 0458 01       		.byte	0x1
 1226 0459 27       		.byte	0x27
 1227 045a 76000000 		.4byte	0x76
 1228 045e 05       		.uleb128 0x5
 1229 045f 03       		.byte	0x3
 1230 0460 00000000 		.4byte	flag_giro2
 1231 0464 19       		.uleb128 0x19
 1232 0465 5E020000 		.4byte	.LASF46
 1233 0469 01       		.byte	0x1
 1234 046a 28       		.byte	0x28
 1235 046b 6F000000 		.4byte	0x6f
 1236 046f 05       		.uleb128 0x5
 1237 0470 03       		.byte	0x3
 1238 0471 00000000 		.4byte	flag_time
 1239 0475 19       		.uleb128 0x19
 1240 0476 3C000000 		.4byte	.LASF47
 1241 047a 01       		.byte	0x1
 1242 047b 28       		.byte	0x28
 1243 047c 6F000000 		.4byte	0x6f
 1244 0480 05       		.uleb128 0x5
 1245 0481 03       		.byte	0x3
 1246 0482 00000000 		.4byte	state
 1247 0486 1A       		.uleb128 0x1a
 1248 0487 7900     		.ascii	"y\000"
 1249 0489 01       		.byte	0x1
 1250 048a 29       		.byte	0x29
 1251 048b 25000000 		.4byte	0x25
 1252 048f 05       		.uleb128 0x5
 1253 0490 03       		.byte	0x3
 1254 0491 00000000 		.4byte	y
 1255 0495 16       		.uleb128 0x16
 1256 0496 9B000000 		.4byte	0x9b
 1257 049a A5040000 		.4byte	0x4a5
 1258 049e 17       		.uleb128 0x17
 1259 049f A9000000 		.4byte	0xa9
 1260 04a3 27       		.byte	0x27
 1261 04a4 00       		.byte	0
ARM GAS  C:\Users\santa\AppData\Local\Temp\ccHkX6Qh.s 			page 26


 1262 04a5 19       		.uleb128 0x19
 1263 04a6 0D010000 		.4byte	.LASF48
 1264 04aa 01       		.byte	0x1
 1265 04ab 2A       		.byte	0x2a
 1266 04ac 95040000 		.4byte	0x495
 1267 04b0 05       		.uleb128 0x5
 1268 04b1 03       		.byte	0x3
 1269 04b2 00000000 		.4byte	data_message
 1270 04b6 1B       		.uleb128 0x1b
 1271 04b7 B6030000 		.4byte	.LASF49
 1272 04bb B6030000 		.4byte	.LASF49
 1273 04bf 06       		.byte	0x6
 1274 04c0 29       		.byte	0x29
 1275 04c1 1B       		.uleb128 0x1b
 1276 04c2 1B000000 		.4byte	.LASF50
 1277 04c6 1B000000 		.4byte	.LASF50
 1278 04ca 07       		.byte	0x7
 1279 04cb 29       		.byte	0x29
 1280 04cc 1B       		.uleb128 0x1b
 1281 04cd 18020000 		.4byte	.LASF51
 1282 04d1 18020000 		.4byte	.LASF51
 1283 04d5 06       		.byte	0x6
 1284 04d6 2B       		.byte	0x2b
 1285 04d7 1B       		.uleb128 0x1b
 1286 04d8 EC010000 		.4byte	.LASF52
 1287 04dc EC010000 		.4byte	.LASF52
 1288 04e0 08       		.byte	0x8
 1289 04e1 C3       		.byte	0xc3
 1290 04e2 1B       		.uleb128 0x1b
 1291 04e3 AB010000 		.4byte	.LASF53
 1292 04e7 AB010000 		.4byte	.LASF53
 1293 04eb 09       		.byte	0x9
 1294 04ec E7       		.byte	0xe7
 1295 04ed 1B       		.uleb128 0x1b
 1296 04ee 92020000 		.4byte	.LASF54
 1297 04f2 92020000 		.4byte	.LASF54
 1298 04f6 0A       		.byte	0xa
 1299 04f7 8B       		.byte	0x8b
 1300 04f8 1B       		.uleb128 0x1b
 1301 04f9 61010000 		.4byte	.LASF55
 1302 04fd 61010000 		.4byte	.LASF55
 1303 0501 0B       		.byte	0xb
 1304 0502 28       		.byte	0x28
 1305 0503 1B       		.uleb128 0x1b
 1306 0504 A7030000 		.4byte	.LASF56
 1307 0508 A7030000 		.4byte	.LASF56
 1308 050c 0C       		.byte	0xc
 1309 050d 76       		.byte	0x76
 1310 050e 1B       		.uleb128 0x1b
 1311 050f FE000000 		.4byte	.LASF57
 1312 0513 FE000000 		.4byte	.LASF57
 1313 0517 0A       		.byte	0xa
 1314 0518 8A       		.byte	0x8a
 1315 0519 1B       		.uleb128 0x1b
 1316 051a EB020000 		.4byte	.LASF58
 1317 051e EB020000 		.4byte	.LASF58
 1318 0522 0B       		.byte	0xb
ARM GAS  C:\Users\santa\AppData\Local\Temp\ccHkX6Qh.s 			page 27


 1319 0523 18       		.byte	0x18
 1320 0524 1B       		.uleb128 0x1b
 1321 0525 28000000 		.4byte	.LASF59
 1322 0529 28000000 		.4byte	.LASF59
 1323 052d 0D       		.byte	0xd
 1324 052e 18       		.byte	0x18
 1325 052f 1B       		.uleb128 0x1b
 1326 0530 A3020000 		.4byte	.LASF60
 1327 0534 A3020000 		.4byte	.LASF60
 1328 0538 0E       		.byte	0xe
 1329 0539 5A       		.byte	0x5a
 1330 053a 1B       		.uleb128 0x1b
 1331 053b CF020000 		.4byte	.LASF61
 1332 053f CF020000 		.4byte	.LASF61
 1333 0543 08       		.byte	0x8
 1334 0544 92       		.byte	0x92
 1335 0545 1B       		.uleb128 0x1b
 1336 0546 F1000000 		.4byte	.LASF62
 1337 054a F1000000 		.4byte	.LASF62
 1338 054e 0A       		.byte	0xa
 1339 054f 54       		.byte	0x54
 1340 0550 1B       		.uleb128 0x1b
 1341 0551 B9020000 		.4byte	.LASF63
 1342 0555 B9020000 		.4byte	.LASF63
 1343 0559 0F       		.byte	0xf
 1344 055a 26       		.byte	0x26
 1345 055b 1B       		.uleb128 0x1b
 1346 055c 37010000 		.4byte	.LASF64
 1347 0560 37010000 		.4byte	.LASF64
 1348 0564 10       		.byte	0x10
 1349 0565 26       		.byte	0x26
 1350 0566 00       		.byte	0
 1351              		.section	.debug_abbrev,"",%progbits
 1352              	.Ldebug_abbrev0:
 1353 0000 01       		.uleb128 0x1
 1354 0001 11       		.uleb128 0x11
 1355 0002 01       		.byte	0x1
 1356 0003 25       		.uleb128 0x25
 1357 0004 0E       		.uleb128 0xe
 1358 0005 13       		.uleb128 0x13
 1359 0006 0B       		.uleb128 0xb
 1360 0007 03       		.uleb128 0x3
 1361 0008 0E       		.uleb128 0xe
 1362 0009 1B       		.uleb128 0x1b
 1363 000a 0E       		.uleb128 0xe
 1364 000b 55       		.uleb128 0x55
 1365 000c 17       		.uleb128 0x17
 1366 000d 11       		.uleb128 0x11
 1367 000e 01       		.uleb128 0x1
 1368 000f 10       		.uleb128 0x10
 1369 0010 17       		.uleb128 0x17
 1370 0011 00       		.byte	0
 1371 0012 00       		.byte	0
 1372 0013 02       		.uleb128 0x2
 1373 0014 24       		.uleb128 0x24
 1374 0015 00       		.byte	0
 1375 0016 0B       		.uleb128 0xb
ARM GAS  C:\Users\santa\AppData\Local\Temp\ccHkX6Qh.s 			page 28


 1376 0017 0B       		.uleb128 0xb
 1377 0018 3E       		.uleb128 0x3e
 1378 0019 0B       		.uleb128 0xb
 1379 001a 03       		.uleb128 0x3
 1380 001b 0E       		.uleb128 0xe
 1381 001c 00       		.byte	0
 1382 001d 00       		.byte	0
 1383 001e 03       		.uleb128 0x3
 1384 001f 16       		.uleb128 0x16
 1385 0020 00       		.byte	0
 1386 0021 03       		.uleb128 0x3
 1387 0022 0E       		.uleb128 0xe
 1388 0023 3A       		.uleb128 0x3a
 1389 0024 0B       		.uleb128 0xb
 1390 0025 3B       		.uleb128 0x3b
 1391 0026 0B       		.uleb128 0xb
 1392 0027 49       		.uleb128 0x49
 1393 0028 13       		.uleb128 0x13
 1394 0029 00       		.byte	0
 1395 002a 00       		.byte	0
 1396 002b 04       		.uleb128 0x4
 1397 002c 24       		.uleb128 0x24
 1398 002d 00       		.byte	0
 1399 002e 0B       		.uleb128 0xb
 1400 002f 0B       		.uleb128 0xb
 1401 0030 3E       		.uleb128 0x3e
 1402 0031 0B       		.uleb128 0xb
 1403 0032 03       		.uleb128 0x3
 1404 0033 08       		.uleb128 0x8
 1405 0034 00       		.byte	0
 1406 0035 00       		.byte	0
 1407 0036 05       		.uleb128 0x5
 1408 0037 16       		.uleb128 0x16
 1409 0038 00       		.byte	0
 1410 0039 03       		.uleb128 0x3
 1411 003a 0E       		.uleb128 0xe
 1412 003b 3A       		.uleb128 0x3a
 1413 003c 0B       		.uleb128 0xb
 1414 003d 3B       		.uleb128 0x3b
 1415 003e 05       		.uleb128 0x5
 1416 003f 49       		.uleb128 0x49
 1417 0040 13       		.uleb128 0x13
 1418 0041 00       		.byte	0
 1419 0042 00       		.byte	0
 1420 0043 06       		.uleb128 0x6
 1421 0044 2E       		.uleb128 0x2e
 1422 0045 01       		.byte	0x1
 1423 0046 3F       		.uleb128 0x3f
 1424 0047 19       		.uleb128 0x19
 1425 0048 03       		.uleb128 0x3
 1426 0049 0E       		.uleb128 0xe
 1427 004a 3A       		.uleb128 0x3a
 1428 004b 0B       		.uleb128 0xb
 1429 004c 3B       		.uleb128 0x3b
 1430 004d 0B       		.uleb128 0xb
 1431 004e 27       		.uleb128 0x27
 1432 004f 19       		.uleb128 0x19
ARM GAS  C:\Users\santa\AppData\Local\Temp\ccHkX6Qh.s 			page 29


 1433 0050 11       		.uleb128 0x11
 1434 0051 01       		.uleb128 0x1
 1435 0052 12       		.uleb128 0x12
 1436 0053 06       		.uleb128 0x6
 1437 0054 40       		.uleb128 0x40
 1438 0055 18       		.uleb128 0x18
 1439 0056 9642     		.uleb128 0x2116
 1440 0058 19       		.uleb128 0x19
 1441 0059 01       		.uleb128 0x1
 1442 005a 13       		.uleb128 0x13
 1443 005b 00       		.byte	0
 1444 005c 00       		.byte	0
 1445 005d 07       		.uleb128 0x7
 1446 005e 34       		.uleb128 0x34
 1447 005f 00       		.byte	0
 1448 0060 03       		.uleb128 0x3
 1449 0061 0E       		.uleb128 0xe
 1450 0062 3A       		.uleb128 0x3a
 1451 0063 0B       		.uleb128 0xb
 1452 0064 3B       		.uleb128 0x3b
 1453 0065 0B       		.uleb128 0xb
 1454 0066 49       		.uleb128 0x49
 1455 0067 13       		.uleb128 0x13
 1456 0068 02       		.uleb128 0x2
 1457 0069 17       		.uleb128 0x17
 1458 006a 00       		.byte	0
 1459 006b 00       		.byte	0
 1460 006c 08       		.uleb128 0x8
 1461 006d 898201   		.uleb128 0x4109
 1462 0070 00       		.byte	0
 1463 0071 11       		.uleb128 0x11
 1464 0072 01       		.uleb128 0x1
 1465 0073 31       		.uleb128 0x31
 1466 0074 13       		.uleb128 0x13
 1467 0075 00       		.byte	0
 1468 0076 00       		.byte	0
 1469 0077 09       		.uleb128 0x9
 1470 0078 2E       		.uleb128 0x2e
 1471 0079 01       		.byte	0x1
 1472 007a 3F       		.uleb128 0x3f
 1473 007b 19       		.uleb128 0x19
 1474 007c 03       		.uleb128 0x3
 1475 007d 0E       		.uleb128 0xe
 1476 007e 3A       		.uleb128 0x3a
 1477 007f 0B       		.uleb128 0xb
 1478 0080 3B       		.uleb128 0x3b
 1479 0081 0B       		.uleb128 0xb
 1480 0082 49       		.uleb128 0x49
 1481 0083 13       		.uleb128 0x13
 1482 0084 11       		.uleb128 0x11
 1483 0085 01       		.uleb128 0x1
 1484 0086 12       		.uleb128 0x12
 1485 0087 06       		.uleb128 0x6
 1486 0088 40       		.uleb128 0x40
 1487 0089 18       		.uleb128 0x18
 1488 008a 9642     		.uleb128 0x2116
 1489 008c 19       		.uleb128 0x19
ARM GAS  C:\Users\santa\AppData\Local\Temp\ccHkX6Qh.s 			page 30


 1490 008d 01       		.uleb128 0x1
 1491 008e 13       		.uleb128 0x13
 1492 008f 00       		.byte	0
 1493 0090 00       		.byte	0
 1494 0091 0A       		.uleb128 0xa
 1495 0092 34       		.uleb128 0x34
 1496 0093 00       		.byte	0
 1497 0094 03       		.uleb128 0x3
 1498 0095 08       		.uleb128 0x8
 1499 0096 3A       		.uleb128 0x3a
 1500 0097 0B       		.uleb128 0xb
 1501 0098 3B       		.uleb128 0x3b
 1502 0099 0B       		.uleb128 0xb
 1503 009a 49       		.uleb128 0x49
 1504 009b 13       		.uleb128 0x13
 1505 009c 02       		.uleb128 0x2
 1506 009d 17       		.uleb128 0x17
 1507 009e 00       		.byte	0
 1508 009f 00       		.byte	0
 1509 00a0 0B       		.uleb128 0xb
 1510 00a1 2E       		.uleb128 0x2e
 1511 00a2 01       		.byte	0x1
 1512 00a3 3F       		.uleb128 0x3f
 1513 00a4 19       		.uleb128 0x19
 1514 00a5 03       		.uleb128 0x3
 1515 00a6 0E       		.uleb128 0xe
 1516 00a7 3A       		.uleb128 0x3a
 1517 00a8 0B       		.uleb128 0xb
 1518 00a9 3B       		.uleb128 0x3b
 1519 00aa 0B       		.uleb128 0xb
 1520 00ab 27       		.uleb128 0x27
 1521 00ac 19       		.uleb128 0x19
 1522 00ad 11       		.uleb128 0x11
 1523 00ae 01       		.uleb128 0x1
 1524 00af 12       		.uleb128 0x12
 1525 00b0 06       		.uleb128 0x6
 1526 00b1 40       		.uleb128 0x40
 1527 00b2 18       		.uleb128 0x18
 1528 00b3 9742     		.uleb128 0x2117
 1529 00b5 19       		.uleb128 0x19
 1530 00b6 01       		.uleb128 0x1
 1531 00b7 13       		.uleb128 0x13
 1532 00b8 00       		.byte	0
 1533 00b9 00       		.byte	0
 1534 00ba 0C       		.uleb128 0xc
 1535 00bb 05       		.uleb128 0x5
 1536 00bc 00       		.byte	0
 1537 00bd 03       		.uleb128 0x3
 1538 00be 0E       		.uleb128 0xe
 1539 00bf 3A       		.uleb128 0x3a
 1540 00c0 0B       		.uleb128 0xb
 1541 00c1 3B       		.uleb128 0x3b
 1542 00c2 0B       		.uleb128 0xb
 1543 00c3 49       		.uleb128 0x49
 1544 00c4 13       		.uleb128 0x13
 1545 00c5 02       		.uleb128 0x2
 1546 00c6 17       		.uleb128 0x17
ARM GAS  C:\Users\santa\AppData\Local\Temp\ccHkX6Qh.s 			page 31


 1547 00c7 00       		.byte	0
 1548 00c8 00       		.byte	0
 1549 00c9 0D       		.uleb128 0xd
 1550 00ca 898201   		.uleb128 0x4109
 1551 00cd 01       		.byte	0x1
 1552 00ce 11       		.uleb128 0x11
 1553 00cf 01       		.uleb128 0x1
 1554 00d0 31       		.uleb128 0x31
 1555 00d1 13       		.uleb128 0x13
 1556 00d2 00       		.byte	0
 1557 00d3 00       		.byte	0
 1558 00d4 0E       		.uleb128 0xe
 1559 00d5 8A8201   		.uleb128 0x410a
 1560 00d8 00       		.byte	0
 1561 00d9 02       		.uleb128 0x2
 1562 00da 18       		.uleb128 0x18
 1563 00db 9142     		.uleb128 0x2111
 1564 00dd 18       		.uleb128 0x18
 1565 00de 00       		.byte	0
 1566 00df 00       		.byte	0
 1567 00e0 0F       		.uleb128 0xf
 1568 00e1 05       		.uleb128 0x5
 1569 00e2 00       		.byte	0
 1570 00e3 03       		.uleb128 0x3
 1571 00e4 08       		.uleb128 0x8
 1572 00e5 3A       		.uleb128 0x3a
 1573 00e6 0B       		.uleb128 0xb
 1574 00e7 3B       		.uleb128 0x3b
 1575 00e8 0B       		.uleb128 0xb
 1576 00e9 49       		.uleb128 0x49
 1577 00ea 13       		.uleb128 0x13
 1578 00eb 02       		.uleb128 0x2
 1579 00ec 17       		.uleb128 0x17
 1580 00ed 00       		.byte	0
 1581 00ee 00       		.byte	0
 1582 00ef 10       		.uleb128 0x10
 1583 00f0 898201   		.uleb128 0x4109
 1584 00f3 01       		.byte	0x1
 1585 00f4 11       		.uleb128 0x11
 1586 00f5 01       		.uleb128 0x1
 1587 00f6 31       		.uleb128 0x31
 1588 00f7 13       		.uleb128 0x13
 1589 00f8 01       		.uleb128 0x1
 1590 00f9 13       		.uleb128 0x13
 1591 00fa 00       		.byte	0
 1592 00fb 00       		.byte	0
 1593 00fc 11       		.uleb128 0x11
 1594 00fd 2E       		.uleb128 0x2e
 1595 00fe 01       		.byte	0x1
 1596 00ff 3F       		.uleb128 0x3f
 1597 0100 19       		.uleb128 0x19
 1598 0101 03       		.uleb128 0x3
 1599 0102 0E       		.uleb128 0xe
 1600 0103 3A       		.uleb128 0x3a
 1601 0104 0B       		.uleb128 0xb
 1602 0105 3B       		.uleb128 0x3b
 1603 0106 0B       		.uleb128 0xb
ARM GAS  C:\Users\santa\AppData\Local\Temp\ccHkX6Qh.s 			page 32


 1604 0107 27       		.uleb128 0x27
 1605 0108 19       		.uleb128 0x19
 1606 0109 49       		.uleb128 0x49
 1607 010a 13       		.uleb128 0x13
 1608 010b 8701     		.uleb128 0x87
 1609 010d 19       		.uleb128 0x19
 1610 010e 11       		.uleb128 0x11
 1611 010f 01       		.uleb128 0x1
 1612 0110 12       		.uleb128 0x12
 1613 0111 06       		.uleb128 0x6
 1614 0112 40       		.uleb128 0x40
 1615 0113 18       		.uleb128 0x18
 1616 0114 9742     		.uleb128 0x2117
 1617 0116 19       		.uleb128 0x19
 1618 0117 01       		.uleb128 0x1
 1619 0118 13       		.uleb128 0x13
 1620 0119 00       		.byte	0
 1621 011a 00       		.byte	0
 1622 011b 12       		.uleb128 0x12
 1623 011c 0B       		.uleb128 0xb
 1624 011d 01       		.byte	0x1
 1625 011e 11       		.uleb128 0x11
 1626 011f 01       		.uleb128 0x1
 1627 0120 12       		.uleb128 0x12
 1628 0121 06       		.uleb128 0x6
 1629 0122 01       		.uleb128 0x1
 1630 0123 13       		.uleb128 0x13
 1631 0124 00       		.byte	0
 1632 0125 00       		.byte	0
 1633 0126 13       		.uleb128 0x13
 1634 0127 34       		.uleb128 0x34
 1635 0128 00       		.byte	0
 1636 0129 03       		.uleb128 0x3
 1637 012a 0E       		.uleb128 0xe
 1638 012b 3A       		.uleb128 0x3a
 1639 012c 0B       		.uleb128 0xb
 1640 012d 3B       		.uleb128 0x3b
 1641 012e 0B       		.uleb128 0xb
 1642 012f 49       		.uleb128 0x49
 1643 0130 13       		.uleb128 0x13
 1644 0131 02       		.uleb128 0x2
 1645 0132 18       		.uleb128 0x18
 1646 0133 00       		.byte	0
 1647 0134 00       		.byte	0
 1648 0135 14       		.uleb128 0x14
 1649 0136 34       		.uleb128 0x34
 1650 0137 00       		.byte	0
 1651 0138 03       		.uleb128 0x3
 1652 0139 0E       		.uleb128 0xe
 1653 013a 3A       		.uleb128 0x3a
 1654 013b 0B       		.uleb128 0xb
 1655 013c 3B       		.uleb128 0x3b
 1656 013d 05       		.uleb128 0x5
 1657 013e 49       		.uleb128 0x49
 1658 013f 13       		.uleb128 0x13
 1659 0140 3F       		.uleb128 0x3f
 1660 0141 19       		.uleb128 0x19
ARM GAS  C:\Users\santa\AppData\Local\Temp\ccHkX6Qh.s 			page 33


 1661 0142 3C       		.uleb128 0x3c
 1662 0143 19       		.uleb128 0x19
 1663 0144 00       		.byte	0
 1664 0145 00       		.byte	0
 1665 0146 15       		.uleb128 0x15
 1666 0147 35       		.uleb128 0x35
 1667 0148 00       		.byte	0
 1668 0149 49       		.uleb128 0x49
 1669 014a 13       		.uleb128 0x13
 1670 014b 00       		.byte	0
 1671 014c 00       		.byte	0
 1672 014d 16       		.uleb128 0x16
 1673 014e 01       		.uleb128 0x1
 1674 014f 01       		.byte	0x1
 1675 0150 49       		.uleb128 0x49
 1676 0151 13       		.uleb128 0x13
 1677 0152 01       		.uleb128 0x1
 1678 0153 13       		.uleb128 0x13
 1679 0154 00       		.byte	0
 1680 0155 00       		.byte	0
 1681 0156 17       		.uleb128 0x17
 1682 0157 21       		.uleb128 0x21
 1683 0158 00       		.byte	0
 1684 0159 49       		.uleb128 0x49
 1685 015a 13       		.uleb128 0x13
 1686 015b 2F       		.uleb128 0x2f
 1687 015c 0B       		.uleb128 0xb
 1688 015d 00       		.byte	0
 1689 015e 00       		.byte	0
 1690 015f 18       		.uleb128 0x18
 1691 0160 26       		.uleb128 0x26
 1692 0161 00       		.byte	0
 1693 0162 49       		.uleb128 0x49
 1694 0163 13       		.uleb128 0x13
 1695 0164 00       		.byte	0
 1696 0165 00       		.byte	0
 1697 0166 19       		.uleb128 0x19
 1698 0167 34       		.uleb128 0x34
 1699 0168 00       		.byte	0
 1700 0169 03       		.uleb128 0x3
 1701 016a 0E       		.uleb128 0xe
 1702 016b 3A       		.uleb128 0x3a
 1703 016c 0B       		.uleb128 0xb
 1704 016d 3B       		.uleb128 0x3b
 1705 016e 0B       		.uleb128 0xb
 1706 016f 49       		.uleb128 0x49
 1707 0170 13       		.uleb128 0x13
 1708 0171 3F       		.uleb128 0x3f
 1709 0172 19       		.uleb128 0x19
 1710 0173 02       		.uleb128 0x2
 1711 0174 18       		.uleb128 0x18
 1712 0175 00       		.byte	0
 1713 0176 00       		.byte	0
 1714 0177 1A       		.uleb128 0x1a
 1715 0178 34       		.uleb128 0x34
 1716 0179 00       		.byte	0
 1717 017a 03       		.uleb128 0x3
ARM GAS  C:\Users\santa\AppData\Local\Temp\ccHkX6Qh.s 			page 34


 1718 017b 08       		.uleb128 0x8
 1719 017c 3A       		.uleb128 0x3a
 1720 017d 0B       		.uleb128 0xb
 1721 017e 3B       		.uleb128 0x3b
 1722 017f 0B       		.uleb128 0xb
 1723 0180 49       		.uleb128 0x49
 1724 0181 13       		.uleb128 0x13
 1725 0182 3F       		.uleb128 0x3f
 1726 0183 19       		.uleb128 0x19
 1727 0184 02       		.uleb128 0x2
 1728 0185 18       		.uleb128 0x18
 1729 0186 00       		.byte	0
 1730 0187 00       		.byte	0
 1731 0188 1B       		.uleb128 0x1b
 1732 0189 2E       		.uleb128 0x2e
 1733 018a 00       		.byte	0
 1734 018b 3F       		.uleb128 0x3f
 1735 018c 19       		.uleb128 0x19
 1736 018d 3C       		.uleb128 0x3c
 1737 018e 19       		.uleb128 0x19
 1738 018f 6E       		.uleb128 0x6e
 1739 0190 0E       		.uleb128 0xe
 1740 0191 03       		.uleb128 0x3
 1741 0192 0E       		.uleb128 0xe
 1742 0193 3A       		.uleb128 0x3a
 1743 0194 0B       		.uleb128 0xb
 1744 0195 3B       		.uleb128 0x3b
 1745 0196 0B       		.uleb128 0xb
 1746 0197 00       		.byte	0
 1747 0198 00       		.byte	0
 1748 0199 00       		.byte	0
 1749              		.section	.debug_loc,"",%progbits
 1750              	.Ldebug_loc0:
 1751              	.LLST0:
 1752 0000 02000000 		.4byte	.LVL0
 1753 0004 05000000 		.4byte	.LVL1-1
 1754 0008 0500     		.2byte	0x5
 1755 000a 03       		.byte	0x3
 1756 000b 00000000 		.4byte	flag_time
 1757 000f 00000000 		.4byte	0
 1758 0013 00000000 		.4byte	0
 1759              	.LLST1:
 1760 0017 2A000000 		.4byte	.LVL8
 1761 001b 94000000 		.4byte	.LVL19
 1762 001f 0600     		.2byte	0x6
 1763 0021 58       		.byte	0x58
 1764 0022 93       		.byte	0x93
 1765 0023 04       		.uleb128 0x4
 1766 0024 59       		.byte	0x59
 1767 0025 93       		.byte	0x93
 1768 0026 04       		.uleb128 0x4
 1769 0027 00000000 		.4byte	0
 1770 002b 00000000 		.4byte	0
 1771              	.LLST2:
 1772 002f 04000000 		.4byte	.LVL5
 1773 0033 5E000000 		.4byte	.LVL13
 1774 0037 0A00     		.2byte	0xa
ARM GAS  C:\Users\santa\AppData\Local\Temp\ccHkX6Qh.s 			page 35


 1775 0039 9E       		.byte	0x9e
 1776 003a 08       		.uleb128 0x8
 1777 003b 00000000 		.4byte	0
 1778 003f 00000000 		.4byte	0
 1779 0043 5E000000 		.4byte	.LVL13
 1780 0047 60000000 		.4byte	.LVL14
 1781 004b 0600     		.2byte	0x6
 1782 004d 54       		.byte	0x54
 1783 004e 93       		.byte	0x93
 1784 004f 04       		.uleb128 0x4
 1785 0050 55       		.byte	0x55
 1786 0051 93       		.byte	0x93
 1787 0052 04       		.uleb128 0x4
 1788 0053 60000000 		.4byte	.LVL14
 1789 0057 6A000000 		.4byte	.LVL15
 1790 005b 0A00     		.2byte	0xa
 1791 005d 9E       		.byte	0x9e
 1792 005e 08       		.uleb128 0x8
 1793 005f 00000000 		.4byte	0
 1794 0063 00000000 		.4byte	0
 1795 0067 6A000000 		.4byte	.LVL15
 1796 006b 90000000 		.4byte	.LVL18
 1797 006f 0600     		.2byte	0x6
 1798 0071 54       		.byte	0x54
 1799 0072 93       		.byte	0x93
 1800 0073 04       		.uleb128 0x4
 1801 0074 55       		.byte	0x55
 1802 0075 93       		.byte	0x93
 1803 0076 04       		.uleb128 0x4
 1804 0077 90000000 		.4byte	.LVL18
 1805 007b C0000000 		.4byte	.LFE66
 1806 007f 0600     		.2byte	0x6
 1807 0081 50       		.byte	0x50
 1808 0082 93       		.byte	0x93
 1809 0083 04       		.uleb128 0x4
 1810 0084 51       		.byte	0x51
 1811 0085 93       		.byte	0x93
 1812 0086 04       		.uleb128 0x4
 1813 0087 00000000 		.4byte	0
 1814 008b 00000000 		.4byte	0
 1815              	.LLST3:
 1816 008f 14000000 		.4byte	.LVL6
 1817 0093 94000000 		.4byte	.LVL19
 1818 0097 0100     		.2byte	0x1
 1819 0099 56       		.byte	0x56
 1820 009a 00000000 		.4byte	0
 1821 009e 00000000 		.4byte	0
 1822              	.LLST4:
 1823 00a2 00000000 		.4byte	.LVL20
 1824 00a6 06000000 		.4byte	.LVL22
 1825 00aa 0100     		.2byte	0x1
 1826 00ac 50       		.byte	0x50
 1827 00ad 06000000 		.4byte	.LVL22
 1828 00b1 10000000 		.4byte	.LFE67
 1829 00b5 0400     		.2byte	0x4
 1830 00b7 F3       		.byte	0xf3
 1831 00b8 01       		.uleb128 0x1
ARM GAS  C:\Users\santa\AppData\Local\Temp\ccHkX6Qh.s 			page 36


 1832 00b9 50       		.byte	0x50
 1833 00ba 9F       		.byte	0x9f
 1834 00bb 00000000 		.4byte	0
 1835 00bf 00000000 		.4byte	0
 1836              	.LLST5:
 1837 00c3 02000000 		.4byte	.LVL21
 1838 00c7 06000000 		.4byte	.LVL22
 1839 00cb 0800     		.2byte	0x8
 1840 00cd 70       		.byte	0x70
 1841 00ce 00       		.sleb128 0
 1842 00cf 03       		.byte	0x3
 1843 00d0 00000000 		.4byte	.LANCHOR1
 1844 00d4 22       		.byte	0x22
 1845 00d5 06000000 		.4byte	.LVL22
 1846 00d9 09000000 		.4byte	.LVL23-1
 1847 00dd 0100     		.2byte	0x1
 1848 00df 50       		.byte	0x50
 1849 00e0 09000000 		.4byte	.LVL23-1
 1850 00e4 10000000 		.4byte	.LFE67
 1851 00e8 0900     		.2byte	0x9
 1852 00ea F3       		.byte	0xf3
 1853 00eb 01       		.uleb128 0x1
 1854 00ec 50       		.byte	0x50
 1855 00ed 03       		.byte	0x3
 1856 00ee 00000000 		.4byte	.LANCHOR1
 1857 00f2 22       		.byte	0x22
 1858 00f3 00000000 		.4byte	0
 1859 00f7 00000000 		.4byte	0
 1860              	.LLST6:
 1861 00fb 00000000 		.4byte	.LVL24
 1862 00ff 0D000000 		.4byte	.LVL25-1
 1863 0103 0600     		.2byte	0x6
 1864 0105 50       		.byte	0x50
 1865 0106 93       		.byte	0x93
 1866 0107 04       		.uleb128 0x4
 1867 0108 51       		.byte	0x51
 1868 0109 93       		.byte	0x93
 1869 010a 04       		.uleb128 0x4
 1870 010b 0D000000 		.4byte	.LVL25-1
 1871 010f 3C000000 		.4byte	.LFE68
 1872 0113 0600     		.2byte	0x6
 1873 0115 F3       		.byte	0xf3
 1874 0116 03       		.uleb128 0x3
 1875 0117 F5       		.byte	0xf5
 1876 0118 00       		.uleb128 0
 1877 0119 25       		.uleb128 0x25
 1878 011a 9F       		.byte	0x9f
 1879 011b 00000000 		.4byte	0
 1880 011f 00000000 		.4byte	0
 1881              	.LLST7:
 1882 0123 00000000 		.4byte	.LVL24
 1883 0127 0D000000 		.4byte	.LVL25-1
 1884 012b 0600     		.2byte	0x6
 1885 012d 52       		.byte	0x52
 1886 012e 93       		.byte	0x93
 1887 012f 04       		.uleb128 0x4
 1888 0130 53       		.byte	0x53
ARM GAS  C:\Users\santa\AppData\Local\Temp\ccHkX6Qh.s 			page 37


 1889 0131 93       		.byte	0x93
 1890 0132 04       		.uleb128 0x4
 1891 0133 0D000000 		.4byte	.LVL25-1
 1892 0137 3C000000 		.4byte	.LFE68
 1893 013b 0600     		.2byte	0x6
 1894 013d F3       		.byte	0xf3
 1895 013e 03       		.uleb128 0x3
 1896 013f F5       		.byte	0xf5
 1897 0140 02       		.uleb128 0x2
 1898 0141 25       		.uleb128 0x25
 1899 0142 9F       		.byte	0x9f
 1900 0143 00000000 		.4byte	0
 1901 0147 00000000 		.4byte	0
 1902              	.LLST8:
 1903 014b 00000000 		.4byte	.LVL24
 1904 014f 34000000 		.4byte	.LVL29
 1905 0153 0200     		.2byte	0x2
 1906 0155 91       		.byte	0x91
 1907 0156 00       		.sleb128 0
 1908 0157 34000000 		.4byte	.LVL29
 1909 015b 3C000000 		.4byte	.LFE68
 1910 015f 0200     		.2byte	0x2
 1911 0161 7D       		.byte	0x7d
 1912 0162 00       		.sleb128 0
 1913 0163 00000000 		.4byte	0
 1914 0167 00000000 		.4byte	0
 1915              	.LLST9:
 1916 016b 00000000 		.4byte	.LVL24
 1917 016f 34000000 		.4byte	.LVL29
 1918 0173 0200     		.2byte	0x2
 1919 0175 91       		.byte	0x91
 1920 0176 04       		.sleb128 4
 1921 0177 34000000 		.4byte	.LVL29
 1922 017b 3C000000 		.4byte	.LFE68
 1923 017f 0200     		.2byte	0x2
 1924 0181 7D       		.byte	0x7d
 1925 0182 04       		.sleb128 4
 1926 0183 00000000 		.4byte	0
 1927 0187 00000000 		.4byte	0
 1928              	.LLST10:
 1929 018b 12000000 		.4byte	.LVL30
 1930 018f 7E000000 		.4byte	.LVL37
 1931 0193 0600     		.2byte	0x6
 1932 0195 58       		.byte	0x58
 1933 0196 93       		.byte	0x93
 1934 0197 04       		.uleb128 0x4
 1935 0198 59       		.byte	0x59
 1936 0199 93       		.byte	0x93
 1937 019a 04       		.uleb128 0x4
 1938 019b 00000000 		.4byte	0
 1939 019f 00000000 		.4byte	0
 1940              		.section	.debug_aranges,"",%progbits
 1941 0000 44000000 		.4byte	0x44
 1942 0004 0200     		.2byte	0x2
 1943 0006 00000000 		.4byte	.Ldebug_info0
 1944 000a 04       		.byte	0x4
 1945 000b 00       		.byte	0
ARM GAS  C:\Users\santa\AppData\Local\Temp\ccHkX6Qh.s 			page 38


 1946 000c 0000     		.2byte	0
 1947 000e 0000     		.2byte	0
 1948 0010 00000000 		.4byte	.LFB64
 1949 0014 38000000 		.4byte	.LFE64-.LFB64
 1950 0018 00000000 		.4byte	.LFB66
 1951 001c C0000000 		.4byte	.LFE66-.LFB66
 1952 0020 00000000 		.4byte	.LFB67
 1953 0024 10000000 		.4byte	.LFE67-.LFB67
 1954 0028 00000000 		.4byte	.LFB68
 1955 002c 3C000000 		.4byte	.LFE68-.LFB68
 1956 0030 00000000 		.4byte	.LFB65
 1957 0034 F0000000 		.4byte	.LFE65-.LFB65
 1958 0038 00000000 		.4byte	.LFB69
 1959 003c 68000000 		.4byte	.LFE69-.LFB69
 1960 0040 00000000 		.4byte	0
 1961 0044 00000000 		.4byte	0
 1962              		.section	.debug_ranges,"",%progbits
 1963              	.Ldebug_ranges0:
 1964 0000 00000000 		.4byte	.LFB64
 1965 0004 38000000 		.4byte	.LFE64
 1966 0008 00000000 		.4byte	.LFB66
 1967 000c C0000000 		.4byte	.LFE66
 1968 0010 00000000 		.4byte	.LFB67
 1969 0014 10000000 		.4byte	.LFE67
 1970 0018 00000000 		.4byte	.LFB68
 1971 001c 3C000000 		.4byte	.LFE68
 1972 0020 00000000 		.4byte	.LFB65
 1973 0024 F0000000 		.4byte	.LFE65
 1974 0028 00000000 		.4byte	.LFB69
 1975 002c 68000000 		.4byte	.LFE69
 1976 0030 00000000 		.4byte	0
 1977 0034 00000000 		.4byte	0
 1978              		.section	.debug_line,"",%progbits
 1979              	.Ldebug_line0:
 1980 0000 DA020000 		.section	.debug_str,"MS",%progbits,1
 1980      02003A02 
 1980      00000201 
 1980      FB0E0D00 
 1980      01010101 
 1981              	.LASF40:
 1982 0000 70776D46 		.ascii	"pwmFloats\000"
 1982      6C6F6174 
 1982      7300
 1983              	.LASF37:
 1984 000a 73616D70 		.ascii	"sample_time\000"
 1984      6C655F74 
 1984      696D6500 
 1985              	.LASF21:
 1986 0016 6D706F73 		.ascii	"mpos\000"
 1986      00
 1987              	.LASF50:
 1988 001b 73656E73 		.ascii	"sensorB_Read\000"
 1988      6F72425F 
 1988      52656164 
 1988      00
 1989              	.LASF59:
 1990 0028 6973725F 		.ascii	"isr_Vueltas_StartEx\000"
ARM GAS  C:\Users\santa\AppData\Local\Temp\ccHkX6Qh.s 			page 39


 1990      5675656C 
 1990      7461735F 
 1990      53746172 
 1990      74457800 
 1991              	.LASF47:
 1992 003c 73746174 		.ascii	"state\000"
 1992      6500
 1993              	.LASF3:
 1994 0042 73686F72 		.ascii	"short int\000"
 1994      7420696E 
 1994      7400
 1995              	.LASF17:
 1996 004c 636F6E74 		.ascii	"contaSignal\000"
 1996      61536967 
 1996      6E616C00 
 1997              	.LASF16:
 1998 0058 73697A65 		.ascii	"sizetype\000"
 1998      74797065 
 1998      00
 1999              	.LASF45:
 2000 0061 666C6167 		.ascii	"flag_giro2\000"
 2000      5F676972 
 2000      6F3200
 2001              	.LASF67:
 2002 006c 433A5C55 		.ascii	"C:\\Users\\santa\\Downloads\\Laboratorio2_ControlI\\"
 2002      73657273 
 2002      5C73616E 
 2002      74615C44 
 2002      6F776E6C 
 2003 009b 4C616232 		.ascii	"Lab2_control\\Lab2_control.cydsn\000"
 2003      5F636F6E 
 2003      74726F6C 
 2003      5C4C6162 
 2003      325F636F 
 2004              	.LASF15:
 2005 00bb 6C6F6E67 		.ascii	"long double\000"
 2005      20646F75 
 2005      626C6500 
 2006              	.LASF23:
 2007 00c7 76616C75 		.ascii	"value\000"
 2007      6500
 2008              	.LASF25:
 2009 00cd 696E6465 		.ascii	"index\000"
 2009      7800
 2010              	.LASF12:
 2011 00d3 75696E74 		.ascii	"uint8\000"
 2011      3800
 2012              	.LASF38:
 2013 00d9 616E6775 		.ascii	"angular_speed\000"
 2013      6C61725F 
 2013      73706565 
 2013      6400
 2014              	.LASF42:
 2015 00e7 74696D65 		.ascii	"time_back\000"
 2015      5F626163 
 2015      6B00
 2016              	.LASF62:
ARM GAS  C:\Users\santa\AppData\Local\Temp\ccHkX6Qh.s 			page 40


 2017 00f1 55415254 		.ascii	"UART_1_Start\000"
 2017      5F315F53 
 2017      74617274 
 2017      00
 2018              	.LASF57:
 2019 00fe 55415254 		.ascii	"UART_1_PutChar\000"
 2019      5F315F50 
 2019      75744368 
 2019      617200
 2020              	.LASF48:
 2021 010d 64617461 		.ascii	"data_message\000"
 2021      5F6D6573 
 2021      73616765 
 2021      00
 2022              	.LASF13:
 2023 011a 666C6F61 		.ascii	"float\000"
 2023      7400
 2024              	.LASF7:
 2025 0120 6C6F6E67 		.ascii	"long long int\000"
 2025      206C6F6E 
 2025      6720696E 
 2025      7400
 2026              	.LASF32:
 2027 012e 73696E65 		.ascii	"sinewave\000"
 2027      77617665 
 2027      00
 2028              	.LASF64:
 2029 0137 6769726F 		.ascii	"giro2_Write\000"
 2029      325F5772 
 2029      69746500 
 2030              	.LASF20:
 2031 0143 62617365 		.ascii	"base_mpos\000"
 2031      5F6D706F 
 2031      7300
 2032              	.LASF36:
 2033 014d 706F735F 		.ascii	"pos_init\000"
 2033      696E6974 
 2033      00
 2034              	.LASF43:
 2035 0156 666C6167 		.ascii	"flag_giro1\000"
 2035      5F676972 
 2035      6F3100
 2036              	.LASF55:
 2037 0161 6973725F 		.ascii	"isr_Timer_ClearPending\000"
 2037      54696D65 
 2037      725F436C 
 2037      65617250 
 2037      656E6469 
 2038              	.LASF35:
 2039 0178 636F756E 		.ascii	"count_speed\000"
 2039      745F7370 
 2039      65656400 
 2040              	.LASF41:
 2041 0184 74696D65 		.ascii	"time_ref\000"
 2041      5F726566 
 2041      00
 2042              	.LASF2:
ARM GAS  C:\Users\santa\AppData\Local\Temp\ccHkX6Qh.s 			page 41


 2043 018d 756E7369 		.ascii	"unsigned char\000"
 2043      676E6564 
 2043      20636861 
 2043      7200
 2044              	.LASF18:
 2045 019b 436F6E76 		.ascii	"ConvertPosition\000"
 2045      65727450 
 2045      6F736974 
 2045      696F6E00 
 2046              	.LASF53:
 2047 01ab 73707269 		.ascii	"sprintf\000"
 2047      6E746600 
 2048              	.LASF1:
 2049 01b3 7369676E 		.ascii	"signed char\000"
 2049      65642063 
 2049      68617200 
 2050              	.LASF19:
 2051 01bf 666C6167 		.ascii	"flag_tmp\000"
 2051      5F746D70 
 2051      00
 2052              	.LASF8:
 2053 01c8 6C6F6E67 		.ascii	"long long unsigned int\000"
 2053      206C6F6E 
 2053      6720756E 
 2053      7369676E 
 2053      65642069 
 2054              	.LASF9:
 2055 01df 756E7369 		.ascii	"unsigned int\000"
 2055      676E6564 
 2055      20696E74 
 2055      00
 2056              	.LASF52:
 2057 01ec 50574D5F 		.ascii	"PWM_WriteCompare\000"
 2057      57726974 
 2057      65436F6D 
 2057      70617265 
 2057      00
 2058              	.LASF29:
 2059 01fd 706F735F 		.ascii	"pos_tmp\000"
 2059      746D7000 
 2060              	.LASF4:
 2061 0205 73686F72 		.ascii	"short unsigned int\000"
 2061      7420756E 
 2061      7369676E 
 2061      65642069 
 2061      6E7400
 2062              	.LASF51:
 2063 0218 73656E73 		.ascii	"sensorA_ClearInterrupt\000"
 2063      6F72415F 
 2063      436C6561 
 2063      72496E74 
 2063      65727275 
 2064              	.LASF14:
 2065 022f 63686172 		.ascii	"char\000"
 2065      00
 2066              	.LASF5:
 2067 0234 6C6F6E67 		.ascii	"long int\000"
ARM GAS  C:\Users\santa\AppData\Local\Temp\ccHkX6Qh.s 			page 42


 2067      20696E74 
 2067      00
 2068              	.LASF68:
 2069 023d 6D61696E 		.ascii	"main\000"
 2069      00
 2070              	.LASF33:
 2071 0242 64656C61 		.ascii	"delayFreq\000"
 2071      79467265 
 2071      7100
 2072              	.LASF11:
 2073 024c 696E7433 		.ascii	"int32_t\000"
 2073      325F7400 
 2074              	.LASF39:
 2075 0254 706F735F 		.ascii	"pos_motor\000"
 2075      6D6F746F 
 2075      7200
 2076              	.LASF46:
 2077 025e 666C6167 		.ascii	"flag_time\000"
 2077      5F74696D 
 2077      6500
 2078              	.LASF27:
 2079 0268 706F7332 		.ascii	"pos2\000"
 2079      00
 2080              	.LASF26:
 2081 026d 706F7331 		.ascii	"pos1\000"
 2081      00
 2082              	.LASF66:
 2083 0272 6D61696E 		.ascii	"main.c\000"
 2083      2E6300
 2084              	.LASF6:
 2085 0279 6C6F6E67 		.ascii	"long unsigned int\000"
 2085      20756E73 
 2085      69676E65 
 2085      6420696E 
 2085      7400
 2086              	.LASF0:
 2087 028b 646F7562 		.ascii	"double\000"
 2087      6C6500
 2088              	.LASF54:
 2089 0292 55415254 		.ascii	"UART_1_PutString\000"
 2089      5F315F50 
 2089      75745374 
 2089      72696E67 
 2089      00
 2090              	.LASF60:
 2091 02a3 54696D65 		.ascii	"Timer_Start\000"
 2091      725F5374 
 2091      61727400 
 2092              	.LASF28:
 2093 02af 54696D65 		.ascii	"Timer_ISR\000"
 2093      725F4953 
 2093      5200
 2094              	.LASF63:
 2095 02b9 6769726F 		.ascii	"giro1_Write\000"
 2095      315F5772 
 2095      69746500 
 2096              	.LASF10:
ARM GAS  C:\Users\santa\AppData\Local\Temp\ccHkX6Qh.s 			page 43


 2097 02c5 5F5F696E 		.ascii	"__int32_t\000"
 2097      7433325F 
 2097      7400
 2098              	.LASF61:
 2099 02cf 50574D5F 		.ascii	"PWM_Start\000"
 2099      53746172 
 2099      7400
 2100              	.LASF24:
 2101 02d9 436F6E76 		.ascii	"ConvertSpeed\000"
 2101      65727453 
 2101      70656564 
 2101      00
 2102              	.LASF44:
 2103 02e6 74696D65 		.ascii	"time\000"
 2103      00
 2104              	.LASF58:
 2105 02eb 6973725F 		.ascii	"isr_Timer_StartEx\000"
 2105      54696D65 
 2105      725F5374 
 2105      61727445 
 2105      7800
 2106              	.LASF30:
 2107 02fd 70776D56 		.ascii	"pwmVal\000"
 2107      616C00
 2108              	.LASF34:
 2109 0304 696E6465 		.ascii	"index_t\000"
 2109      785F7400 
 2110              	.LASF31:
 2111 030c 49544D5F 		.ascii	"ITM_RxBuffer\000"
 2111      52784275 
 2111      66666572 
 2111      00
 2112              	.LASF65:
 2113 0319 474E5520 		.ascii	"GNU C11 5.4.1 20160609 (release) [ARM/embedded-5-br"
 2113      43313120 
 2113      352E342E 
 2113      31203230 
 2113      31363036 
 2114 034c 616E6368 		.ascii	"anch revision 237715] -mcpu=cortex-m3 -mthumb -g -O"
 2114      20726576 
 2114      6973696F 
 2114      6E203233 
 2114      37373135 
 2115 037f 67202D66 		.ascii	"g -ffunction-sections -ffat-lto-objects\000"
 2115      66756E63 
 2115      74696F6E 
 2115      2D736563 
 2115      74696F6E 
 2116              	.LASF56:
 2117 03a7 43794465 		.ascii	"CyDelay\000"
 2117      6C617900 
 2118              	.LASF22:
 2119 03af 73657450 		.ascii	"setPwm\000"
 2119      776D00
 2120              	.LASF49:
 2121 03b6 73656E73 		.ascii	"sensorA_Read\000"
 2121      6F72415F 
ARM GAS  C:\Users\santa\AppData\Local\Temp\ccHkX6Qh.s 			page 44


 2121      52656164 
 2121      00
 2122              		.ident	"GCC: (GNU Tools for ARM Embedded Processors) 5.4.1 20160609 (release) [ARM/embedded-5-bran
